#
# A fatal error has been detected by the Java Runtime Environment:
#
#  EXCEPTION_ACCESS_VIOLATION (0xc0000005) at pc=0x02a043be, pid=1280, tid=0x00001e28
#
# JRE version: Java(TM) SE Runtime Environment (8.0_181-b13) (build 1.8.0_181-b13)
# Java VM: Java HotSpot(TM) Client VM (25.181-b13 mixed mode windows-x86 )
# Problematic frame:
# j  com.sun.glass.ui.TouchInputSupport.notifyEndTouchEvent(Lcom/sun/glass/ui/View;)V+6
#
# Failed to write core dump. Minidumps are not enabled by default on client versions of Windows
#
# If you would like to submit a bug report, please visit:
#   http://bugreport.java.com/bugreport/crash.jsp
#

---------------  T H R E A D  ---------------

Current thread (0x15790c00):  JavaThread "JavaFX Application Thread" [_thread_in_Java, id=7720, stack(0x15d60000,0x15db0000)]

siginfo: ExceptionCode=0xc0000005, reading address 0x64076437

Registers:
EAX=0x14af1188, EBX=0x64076407, ECX=0x09fa26d8, EDX=0x90000001
ESP=0x15dae9b0, EBP=0x15dae9d8, ESI=0x15dae9b4, EDI=0x15dae9e4
EIP=0x02a043be, EFLAGS=0x00010246

Top of Stack: (sp=0x15dae9b0)
0x15dae9b0:   029f4864 09fa26d8 15dae9b8 1c8c909e
0x15dae9c0:   15dae9e4 1c8c94c0 00000000 1c8c90e8
0x15dae9d0:   15dae9b4 15dae9e0 15daea08 029f4864
0x15dae9e0:   09fa26d8 0a82b7b8 15dae9e8 1c8b5814
0x15dae9f0:   15daea10 1c8b5c78 00000000 1c8b5830
0x15daea00:   15dae9e0 15daea10 15daea30 029f0697
0x15daea10:   09fa26d8 15daea3c 6d98bb32 15790c00
0x15daea20:   00001fa0 15daec24 15790c00 029f0632 

Instructions: (pc=0x02a043be)
0x02a0439e:   00 00 00 3b 01 8d 74 24 04 89 75 f8 ff 63 30 8b
0x02a043ae:   41 04 8b 9c 98 00 01 00 00 8d 74 24 04 89 75 f8
0x02a043be:   ff 63 30 66 66 90 00 00 00 00 00 00 00 00 00 00
0x02a043ce:   00 00 00 01 00 00 d4 b9 b0 6d b7 00 00 00 00 00 


Register to memory mapping:

EAX=0x14af1188 is pointing into metadata
EBX=0x64076407 is an unknown value
ECX=0x09fa26d8 is an oop
java.lang.Object 
 - klass: 'java/lang/Object'
EDX=0x90000001 is an unknown value
ESP=0x15dae9b0 is pointing into the stack for thread: 0x15790c00
EBP=0x15dae9d8 is pointing into the stack for thread: 0x15790c00
ESI=0x15dae9b4 is pointing into the stack for thread: 0x15790c00
EDI=0x15dae9e4 is pointing into the stack for thread: 0x15790c00


Stack: [0x15d60000,0x15db0000],  sp=0x15dae9b0,  free space=314k
Native frames: (J=compiled Java code, j=interpreted, Vv=VM code, C=native code)
j  com.sun.glass.ui.TouchInputSupport.notifyEndTouchEvent(Lcom/sun/glass/ui/View;)V+6
j  com.sun.glass.ui.win.WinGestureSupport.notifyEndTouchEvent(Lcom/sun/glass/ui/View;)V+4
v  ~StubRoutines::call_stub
V  [jvm.dll+0x15c065]
V  [jvm.dll+0x223ade]
V  [jvm.dll+0x15c0fe]
V  [jvm.dll+0xdd9c7]
V  [jvm.dll+0xe4b73]
C  [glass.dll+0x244c]


---------------  P R O C E S S  ---------------

Java Threads: ( => current thread )
  0x158e9800 JavaThread "Prism Font Disposer" daemon [_thread_blocked, id=11924, stack(0x1ea10000,0x1ea60000)]
  0x151db400 JavaThread "Thread-3" daemon [_thread_in_native, id=14244, stack(0x1c550000,0x1c5a0000)]
  0x151db000 JavaThread "JavaFX-Launcher" [_thread_blocked, id=14212, stack(0x1c5e0000,0x1c630000)]
=>0x15790c00 JavaThread "JavaFX Application Thread" [_thread_in_Java, id=7720, stack(0x15d60000,0x15db0000)]
  0x15790400 JavaThread "Thread-1" daemon [_thread_blocked, id=14196, stack(0x15cd0000,0x15d20000)]
  0x15187800 JavaThread "QuantumRenderer-0" daemon [_thread_blocked, id=14248, stack(0x15710000,0x15760000)]
  0x15013400 JavaThread "Service Thread" daemon [_thread_blocked, id=3568, stack(0x155f0000,0x15640000)]
  0x1500b000 JavaThread "C1 CompilerThread0" daemon [_thread_blocked, id=7672, stack(0x15560000,0x155b0000)]
  0x1501b000 JavaThread "Attach Listener" daemon [_thread_blocked, id=8208, stack(0x154d0000,0x15520000)]
  0x15017400 JavaThread "Signal Dispatcher" daemon [_thread_blocked, id=13800, stack(0x15440000,0x15490000)]
  0x14ffac00 JavaThread "Finalizer" daemon [_thread_blocked, id=14092, stack(0x152b0000,0x15300000)]
  0x14fe4c00 JavaThread "Reference Handler" daemon [_thread_blocked, id=2468, stack(0x15220000,0x15270000)]
  0x00ebc800 JavaThread "main" [_thread_blocked, id=13524, stack(0x00ee0000,0x00f30000)]

Other Threads:
  0x029ee000 VMThread [stack: 0x14f90000,0x14fe0000] [id=14040]
  0x15016800 WatcherThread [stack: 0x15680000,0x156d0000] [id=14264]

VM state:not at safepoint (normal execution)

VM Mutex/Monitor currently owned by a thread: None

Heap:
 def new generation   total 9920K, used 694K [0x04a00000, 0x054c0000, 0x09f50000)
  eden space 8832K,   7% used [0x04a00000, 0x04aada50, 0x052a0000)
  from space 1088K,   0% used [0x052a0000, 0x052a0000, 0x053b0000)
  to   space 1088K,   0% used [0x053b0000, 0x053b0000, 0x054c0000)
 tenured generation   total 21956K, used 13171K [0x09f50000, 0x0b4c1000, 0x14a00000)
   the space 21956K,  59% used [0x09f50000, 0x0ac2ce18, 0x0ac2d000, 0x0b4c1000)
 Metaspace       used 8807K, capacity 9325K, committed 9344K, reserved 9600K

Card table byte_map: [0x14a00000,0x14a90000] byte_map_base: 0x149db000

Polling page: 0x00ea0000

CodeCache: size=32768Kb used=1594Kb max_used=1594Kb free=31173Kb
 bounds [0x029f0000, 0x02b80000, 0x049f0000]
 total_blobs=1066 nmethods=652 adapters=344
 compilation: enabled

Compilation events (10 events):
Event: 5.479 Thread 0x1500b000  656             javafx.css.ParsedValue::<init> (15 bytes)
Event: 5.479 Thread 0x1500b000 nmethod 656 0x02b7ddc8 code [0x02b7dec0, 0x02b7df60]
Event: 5.479 Thread 0x1500b000  657             com.sun.javafx.css.StyleManager$CacheContainer::getStyleMap (43 bytes)
Event: 5.480 Thread 0x1500b000 nmethod 657 0x02b7dfc8 code [0x02b7e0f0, 0x02b7e2f8]
Event: 5.481 Thread 0x1500b000  658             javafx.scene.CssStyleHelper$CacheContainer::getStyleMap (40 bytes)
Event: 5.481 Thread 0x1500b000 nmethod 658 0x02b7e408 code [0x02b7e530, 0x02b7e698]
Event: 5.481 Thread 0x1500b000  659             com.sun.javafx.css.StyleManager::getStyleMap (33 bytes)
Event: 5.481 Thread 0x1500b000 nmethod 659 0x02b7e7c8 code [0x02b7e8e0, 0x02b7e9c8]
Event: 5.482 Thread 0x1500b000  660             java.lang.Double::doubleToLongBits (33 bytes)
Event: 5.482 Thread 0x1500b000 nmethod 660 0x02b7ea88 code [0x02b7eb80, 0x02b7ec40]

GC Heap History (10 events):
Event: 1.206 GC heap before
{Heap before GC invocations=4 (full 0):
 def new generation   total 4928K, used 2424K [0x04a00000, 0x04f50000, 0x09f50000)
  eden space 4416K,  53% used [0x04a00000, 0x04c4a1d0, 0x04e50000)
  from space 512K,  15% used [0x04e50000, 0x04e64160, 0x04ed0000)
  to   space 512K,   0% used [0x04ed0000, 0x04ed0000, 0x04f50000)
 tenured generation   total 10944K, used 5466K [0x09f50000, 0x0aa00000, 0x14a00000)
   the space 10944K,  49% used [0x09f50000, 0x0a4a6bf0, 0x0a4a6c00, 0x0aa00000)
 Metaspace       used 6612K, capacity 6954K, committed 7040K, reserved 7552K
Event: 1.208 GC heap after
Heap after GC invocations=5 (full 0):
 def new generation   total 4928K, used 228K [0x04a00000, 0x04f50000, 0x09f50000)
  eden space 4416K,   0% used [0x04a00000, 0x04a00000, 0x04e50000)
  from space 512K,  44% used [0x04ed0000, 0x04f091c8, 0x04f50000)
  to   space 512K,   0% used [0x04e50000, 0x04e50000, 0x04ed0000)
 tenured generation   total 10944K, used 5466K [0x09f50000, 0x0aa00000, 0x14a00000)
   the space 10944K,  49% used [0x09f50000, 0x0a4a6bf0, 0x0a4a6c00, 0x0aa00000)
 Metaspace       used 6612K, capacity 6954K, committed 7040K, reserved 7552K
}
Event: 1.374 GC heap before
{Heap before GC invocations=5 (full 0):
 def new generation   total 4928K, used 4644K [0x04a00000, 0x04f50000, 0x09f50000)
  eden space 4416K, 100% used [0x04a00000, 0x04e50000, 0x04e50000)
  from space 512K,  44% used [0x04ed0000, 0x04f091c8, 0x04f50000)
  to   space 512K,   0% used [0x04e50000, 0x04e50000, 0x04ed0000)
 tenured generation   total 10944K, used 5466K [0x09f50000, 0x0aa00000, 0x14a00000)
   the space 10944K,  49% used [0x09f50000, 0x0a4a6bf0, 0x0a4a6c00, 0x0aa00000)
 Metaspace       used 6915K, capacity 7260K, committed 7296K, reserved 7552K
Event: 1.378 GC heap after
Heap after GC invocations=6 (full 0):
 def new generation   total 4928K, used 297K [0x04a00000, 0x04f50000, 0x09f50000)
  eden space 4416K,   0% used [0x04a00000, 0x04a00000, 0x04e50000)
  from space 512K,  58% used [0x04e50000, 0x04e9a628, 0x04ed0000)
  to   space 512K,   0% used [0x04ed0000, 0x04ed0000, 0x04f50000)
 tenured generation   total 10944K, used 8765K [0x09f50000, 0x0aa00000, 0x14a00000)
   the space 10944K,  80% used [0x09f50000, 0x0a7df4f8, 0x0a7df600, 0x0aa00000)
 Metaspace       used 6915K, capacity 7260K, committed 7296K, reserved 7552K
}
Event: 1.621 GC heap before
{Heap before GC invocations=6 (full 0):
 def new generation   total 4928K, used 4713K [0x04a00000, 0x04f50000, 0x09f50000)
  eden space 4416K, 100% used [0x04a00000, 0x04e50000, 0x04e50000)
  from space 512K,  58% used [0x04e50000, 0x04e9a628, 0x04ed0000)
  to   space 512K,   0% used [0x04ed0000, 0x04ed0000, 0x04f50000)
 tenured generation   total 10944K, used 8765K [0x09f50000, 0x0aa00000, 0x14a00000)
   the space 10944K,  80% used [0x09f50000, 0x0a7df4f8, 0x0a7df600, 0x0aa00000)
 Metaspace       used 8011K, capacity 8393K, committed 8448K, reserved 8576K
Event: 1.625 GC heap after
Heap after GC invocations=7 (full 0):
 def new generation   total 4928K, used 512K [0x04a00000, 0x04f50000, 0x09f50000)
  eden space 4416K,   0% used [0x04a00000, 0x04a00000, 0x04e50000)
  from space 512K, 100% used [0x04ed0000, 0x04f50000, 0x04f50000)
  to   space 512K,   0% used [0x04e50000, 0x04e50000, 0x04ed0000)
 tenured generation   total 10944K, used 8899K [0x09f50000, 0x0aa00000, 0x14a00000)
   the space 10944K,  81% used [0x09f50000, 0x0a800f38, 0x0a801000, 0x0aa00000)
 Metaspace       used 8011K, capacity 8393K, committed 8448K, reserved 8576K
}
Event: 1.906 GC heap before
{Heap before GC invocations=7 (full 0):
 def new generation   total 4928K, used 4021K [0x04a00000, 0x04f50000, 0x09f50000)
  eden space 4416K,  79% used [0x04a00000, 0x04d6d5e8, 0x04e50000)
  from space 512K, 100% used [0x04ed0000, 0x04f50000, 0x04f50000)
  to   space 512K,   0% used [0x04e50000, 0x04e50000, 0x04ed0000)
 tenured generation   total 10944K, used 8899K [0x09f50000, 0x0aa00000, 0x14a00000)
   the space 10944K,  81% used [0x09f50000, 0x0a800f38, 0x0a801000, 0x0aa00000)
 Metaspace       used 8657K, capacity 9126K, committed 9216K, reserved 9600K
Event: 1.914 GC heap after
Heap after GC invocations=8 (full 0):
 def new generation   total 4928K, used 291K [0x04a00000, 0x04f50000, 0x09f50000)
  eden space 4416K,   0% used [0x04a00000, 0x04a00000, 0x04e50000)
  from space 512K,  56% used [0x04e50000, 0x04e98db0, 0x04ed0000)
  to   space 512K,   0% used [0x04ed0000, 0x04ed0000, 0x04f50000)
 tenured generation   total 10944K, used 10429K [0x09f50000, 0x0aa00000, 0x14a00000)
   the space 10944K,  95% used [0x09f50000, 0x0a97f438, 0x0a97f600, 0x0aa00000)
 Metaspace       used 8657K, capacity 9126K, committed 9216K, reserved 9600K
}
Event: 4.309 GC heap before
{Heap before GC invocations=8 (full 0):
 def new generation   total 4928K, used 4707K [0x04a00000, 0x04f50000, 0x09f50000)
  eden space 4416K, 100% used [0x04a00000, 0x04e50000, 0x04e50000)
  from space 512K,  56% used [0x04e50000, 0x04e98db0, 0x04ed0000)
  to   space 512K,   0% used [0x04ed0000, 0x04ed0000, 0x04f50000)
 tenured generation   total 10944K, used 10429K [0x09f50000, 0x0aa00000, 0x14a00000)
   the space 10944K,  95% used [0x09f50000, 0x0a97f438, 0x0a97f600, 0x0aa00000)
 Metaspace       used 8769K, capacity 9260K, committed 9344K, reserved 9600K
Event: 4.336 GC heap after
Heap after GC invocations=9 (full 1):
 def new generation   total 9920K, used 0K [0x04a00000, 0x054c0000, 0x09f50000)
  eden space 8832K,   0% used [0x04a00000, 0x04a00000, 0x052a0000)
  from space 1088K,   0% used [0x052a0000, 0x052a0000, 0x053b0000)
  to   space 1088K,   0% used [0x053b0000, 0x053b0000, 0x054c0000)
 tenured generation   total 21956K, used 13171K [0x09f50000, 0x0b4c1000, 0x14a00000)
   the space 21956K,  59% used [0x09f50000, 0x0ac2ce18, 0x0ac2d000, 0x0b4c1000)
 Metaspace       used 8769K, capacity 9260K, committed 9344K, reserved 9600K
}

Deoptimization events (0 events):
No events

Classes redefined (0 events):
No events

Internal exceptions (10 events):
Event: 0.056 Thread 0x00ebc800 Exception <a 'java/lang/NoSuchMethodError': Method sun.misc.Unsafe.prefetchRead(Ljava/lang/Object;J)V name or signature does not match> (0x04a07178) thrown at [C:\workspace\8-2-build-windows-i586-cygwin\jdk8u181\11358\hotspot\src\share\vm\prims\jni.cpp, l
Event: 0.249 Thread 0x00ebc800 Exception <a 'java/lang/NoSuchFieldError': method resolution failed> (0x04b89010) thrown at [C:\workspace\8-2-build-windows-i586-cygwin\jdk8u181\11358\hotspot\src\share\vm\prims\methodHandles.cpp, line 1167]
Event: 0.251 Thread 0x00ebc800 Exception <a 'java/lang/NoSuchFieldError': method resolution failed> (0x04b95160) thrown at [C:\workspace\8-2-build-windows-i586-cygwin\jdk8u181\11358\hotspot\src\share\vm\prims\methodHandles.cpp, line 1167]
Event: 0.281 Thread 0x00ebc800 Exception <a 'java/security/PrivilegedActionException'> (0x04c157a0) thrown at [C:\workspace\8-2-build-windows-i586-cygwin\jdk8u181\11358\hotspot\src\share\vm\prims\jvm.cpp, line 1435]
Event: 0.281 Thread 0x00ebc800 Exception <a 'java/security/PrivilegedActionException'> (0x04c159a0) thrown at [C:\workspace\8-2-build-windows-i586-cygwin\jdk8u181\11358\hotspot\src\share\vm\prims\jvm.cpp, line 1435]
Event: 0.283 Thread 0x00ebc800 Exception <a 'java/security/PrivilegedActionException'> (0x04c19a78) thrown at [C:\workspace\8-2-build-windows-i586-cygwin\jdk8u181\11358\hotspot\src\share\vm\prims\jvm.cpp, line 1435]
Event: 0.283 Thread 0x00ebc800 Exception <a 'java/security/PrivilegedActionException'> (0x04c19c78) thrown at [C:\workspace\8-2-build-windows-i586-cygwin\jdk8u181\11358\hotspot\src\share\vm\prims\jvm.cpp, line 1435]
Event: 0.284 Thread 0x00ebc800 Exception <a 'java/lang/NullPointerException'> (0x04c1a1e0) thrown at [C:\workspace\8-2-build-windows-i586-cygwin\jdk8u181\11358\hotspot\src\share\vm\interpreter\linkResolver.cpp, line 1185]
Event: 0.690 Thread 0x15790c00 Exception <a 'java/lang/NullPointerException'> (0x04a7dbf8) thrown at [C:\workspace\8-2-build-windows-i586-cygwin\jdk8u181\11358\hotspot\src\share\vm\interpreter\linkResolver.cpp, line 1185]
Event: 0.690 Thread 0x15790c00 Exception <a 'java/lang/NullPointerException'> (0x04a7dbf8) thrown at [C:\workspace\8-2-build-windows-i586-cygwin\jdk8u181\11358\hotspot\src\share\vm\prims\jvm.cpp, line 1439]

Events (10 events):
Event: 4.355 loading class com/sun/javafx/tk/quantum/GlassViewEventHandler
Event: 4.355 loading class com/sun/javafx/tk/quantum/GlassViewEventHandler done
Event: 4.358 loading class com/sun/glass/ui/ClipboardAssistance
Event: 4.358 loading class com/sun/glass/ui/ClipboardAssistance done
Event: 4.358 loading class com/sun/javafx/tk/quantum/GlassSceneDnDEventHandler
Event: 4.358 loading class com/sun/javafx/tk/quantum/GlassSceneDnDEventHandler done
Event: 4.459 loading class javafx/event/EventType
Event: 4.459 loading class javafx/event/EventType done
Event: 4.460 loading class com/sun/javafx/tk/quantum/SwipeGestureRecognizer
Event: 4.460 loading class com/sun/javafx/tk/quantum/SwipeGestureRecognizer done


Dynamic libraries:
0x00f30000 - 0x00f63000 	C:\Program Files (x86)\Java\jdk1.8.0_181\jre\bin\java.exe
0x77300000 - 0x7749a000 	C:\WINDOWS\SYSTEM32\ntdll.dll
0x74d00000 - 0x74de0000 	C:\WINDOWS\System32\KERNEL32.DLL
0x75880000 - 0x75a7c000 	C:\WINDOWS\System32\KERNELBASE.dll
0x744a0000 - 0x7453f000 	C:\WINDOWS\SYSTEM32\apphelp.dll
0x768a0000 - 0x76919000 	C:\WINDOWS\System32\ADVAPI32.dll
0x74c40000 - 0x74cff000 	C:\WINDOWS\System32\msvcrt.dll
0x76770000 - 0x767e6000 	C:\WINDOWS\System32\sechost.dll
0x76010000 - 0x760cb000 	C:\WINDOWS\System32\RPCRT4.dll
0x74ad0000 - 0x74af0000 	C:\WINDOWS\System32\SspiCli.dll
0x74ac0000 - 0x74aca000 	C:\WINDOWS\System32\CRYPTBASE.dll
0x76a80000 - 0x76adf000 	C:\WINDOWS\System32\bcryptPrimitives.dll
0x770b0000 - 0x77245000 	C:\WINDOWS\System32\USER32.dll
0x76a60000 - 0x76a77000 	C:\WINDOWS\System32\win32u.dll
0x76800000 - 0x76821000 	C:\WINDOWS\System32\GDI32.dll
0x75390000 - 0x754ea000 	C:\WINDOWS\System32\gdi32full.dll
0x75f00000 - 0x75f7c000 	C:\WINDOWS\System32\msvcp_win.dll
0x74b20000 - 0x74c3f000 	C:\WINDOWS\System32\ucrtbase.dll
0x738f0000 - 0x73aff000 	C:\WINDOWS\WinSxS\x86_microsoft.windows.common-controls_6595b64144ccf1df_6.0.18362.175_none_2e70e1f6278c3dcf\COMCTL32.dll
0x75560000 - 0x757d6000 	C:\WINDOWS\System32\combase.dll
0x76a30000 - 0x76a55000 	C:\WINDOWS\System32\IMM32.DLL
0x6d770000 - 0x6d82f000 	C:\Program Files (x86)\Java\jdk1.8.0_181\jre\bin\msvcr100.dll
0x6d830000 - 0x6dc03000 	C:\Program Files (x86)\Java\jdk1.8.0_181\jre\bin\client\jvm.dll
0x74af0000 - 0x74af6000 	C:\WINDOWS\System32\PSAPI.DLL
0x745f0000 - 0x745f8000 	C:\WINDOWS\SYSTEM32\VERSION.dll
0x73c40000 - 0x73c48000 	C:\WINDOWS\SYSTEM32\WSOCK32.dll
0x75ad0000 - 0x75b2e000 	C:\WINDOWS\System32\WS2_32.dll
0x737f0000 - 0x73814000 	C:\WINDOWS\SYSTEM32\WINMM.dll
0x737c0000 - 0x737e3000 	C:\WINDOWS\SYSTEM32\WINMMBASE.dll
0x75a90000 - 0x75acb000 	C:\WINDOWS\System32\cfgmgr32.dll
0x721d0000 - 0x721dc000 	C:\Program Files (x86)\Java\jdk1.8.0_181\jre\bin\verify.dll
0x6d740000 - 0x6d762000 	C:\Program Files (x86)\Java\jdk1.8.0_181\jre\bin\java.dll
0x6d720000 - 0x6d734000 	C:\Program Files (x86)\Java\jdk1.8.0_181\jre\bin\zip.dll
0x76110000 - 0x76684000 	C:\WINDOWS\System32\SHELL32.dll
0x75f80000 - 0x76004000 	C:\WINDOWS\System32\shcore.dll
0x76ae0000 - 0x770a1000 	C:\WINDOWS\System32\windows.storage.dll
0x74b00000 - 0x74b17000 	C:\WINDOWS\System32\profapi.dll
0x75b30000 - 0x75b73000 	C:\WINDOWS\System32\powrprof.dll
0x75a80000 - 0x75a8d000 	C:\WINDOWS\System32\UMPDC.dll
0x754f0000 - 0x75534000 	C:\WINDOWS\System32\shlwapi.dll
0x767f0000 - 0x767ff000 	C:\WINDOWS\System32\kernel.appcore.dll
0x760f0000 - 0x76103000 	C:\WINDOWS\System32\cryptsp.dll
0x6bb60000 - 0x6bb63000 	C:\Program Files (x86)\Java\jdk1.8.0_181\jre\bin\api-ms-win-core-console-l1-1-0.dll
0x6bb50000 - 0x6bb53000 	C:\Program Files (x86)\Java\jdk1.8.0_181\jre\bin\api-ms-win-core-datetime-l1-1-0.dll
0x6bb40000 - 0x6bb43000 	C:\Program Files (x86)\Java\jdk1.8.0_181\jre\bin\api-ms-win-core-debug-l1-1-0.dll
0x6bb30000 - 0x6bb33000 	C:\Program Files (x86)\Java\jdk1.8.0_181\jre\bin\api-ms-win-core-errorhandling-l1-1-0.dll
0x6bb20000 - 0x6bb24000 	C:\Program Files (x86)\Java\jdk1.8.0_181\jre\bin\api-ms-win-core-file-l1-1-0.dll
0x6bb10000 - 0x6bb13000 	C:\Program Files (x86)\Java\jdk1.8.0_181\jre\bin\api-ms-win-core-file-l1-2-0.dll
0x6bb00000 - 0x6bb03000 	C:\Program Files (x86)\Java\jdk1.8.0_181\jre\bin\api-ms-win-core-file-l2-1-0.dll
0x6baf0000 - 0x6baf3000 	C:\Program Files (x86)\Java\jdk1.8.0_181\jre\bin\api-ms-win-core-handle-l1-1-0.dll
0x6bae0000 - 0x6bae3000 	C:\Program Files (x86)\Java\jdk1.8.0_181\jre\bin\api-ms-win-core-heap-l1-1-0.dll
0x6bad0000 - 0x6bad3000 	C:\Program Files (x86)\Java\jdk1.8.0_181\jre\bin\api-ms-win-core-interlocked-l1-1-0.dll
0x6bac0000 - 0x6bac3000 	C:\Program Files (x86)\Java\jdk1.8.0_181\jre\bin\api-ms-win-core-libraryloader-l1-1-0.dll
0x6bab0000 - 0x6bab3000 	C:\Program Files (x86)\Java\jdk1.8.0_181\jre\bin\api-ms-win-core-localization-l1-2-0.dll
0x6baa0000 - 0x6baa3000 	C:\Program Files (x86)\Java\jdk1.8.0_181\jre\bin\api-ms-win-core-memory-l1-1-0.dll
0x6ba90000 - 0x6ba93000 	C:\Program Files (x86)\Java\jdk1.8.0_181\jre\bin\api-ms-win-core-namedpipe-l1-1-0.dll
0x6ba80000 - 0x6ba83000 	C:\Program Files (x86)\Java\jdk1.8.0_181\jre\bin\api-ms-win-core-processenvironment-l1-1-0.dll
0x6ba70000 - 0x6ba73000 	C:\Program Files (x86)\Java\jdk1.8.0_181\jre\bin\api-ms-win-core-processthreads-l1-1-0.dll
0x6ba60000 - 0x6ba63000 	C:\Program Files (x86)\Java\jdk1.8.0_181\jre\bin\api-ms-win-core-processthreads-l1-1-1.dll
0x6ba50000 - 0x6ba53000 	C:\Program Files (x86)\Java\jdk1.8.0_181\jre\bin\api-ms-win-core-profile-l1-1-0.dll
0x6ba40000 - 0x6ba43000 	C:\Program Files (x86)\Java\jdk1.8.0_181\jre\bin\api-ms-win-core-rtlsupport-l1-1-0.dll
0x6ba30000 - 0x6ba33000 	C:\Program Files (x86)\Java\jdk1.8.0_181\jre\bin\api-ms-win-core-string-l1-1-0.dll
0x6ba20000 - 0x6ba23000 	C:\Program Files (x86)\Java\jdk1.8.0_181\jre\bin\api-ms-win-core-synch-l1-1-0.dll
0x6ba10000 - 0x6ba13000 	C:\Program Files (x86)\Java\jdk1.8.0_181\jre\bin\api-ms-win-core-synch-l1-2-0.dll
0x6ba00000 - 0x6ba03000 	C:\Program Files (x86)\Java\jdk1.8.0_181\jre\bin\api-ms-win-core-sysinfo-l1-1-0.dll
0x6b9f0000 - 0x6b9f3000 	C:\Program Files (x86)\Java\jdk1.8.0_181\jre\bin\api-ms-win-core-timezone-l1-1-0.dll
0x6b9e0000 - 0x6b9e3000 	C:\Program Files (x86)\Java\jdk1.8.0_181\jre\bin\api-ms-win-core-util-l1-1-0.dll
0x6b9d0000 - 0x6b9d3000 	C:\Program Files (x86)\Java\jdk1.8.0_181\jre\bin\api-ms-win-crt-conio-l1-1-0.dll
0x6b9c0000 - 0x6b9c4000 	C:\Program Files (x86)\Java\jdk1.8.0_181\jre\bin\api-ms-win-crt-convert-l1-1-0.dll
0x6b9b0000 - 0x6b9b3000 	C:\Program Files (x86)\Java\jdk1.8.0_181\jre\bin\api-ms-win-crt-environment-l1-1-0.dll
0x6b9a0000 - 0x6b9a3000 	C:\Program Files (x86)\Java\jdk1.8.0_181\jre\bin\api-ms-win-crt-filesystem-l1-1-0.dll
0x6b990000 - 0x6b993000 	C:\Program Files (x86)\Java\jdk1.8.0_181\jre\bin\api-ms-win-crt-heap-l1-1-0.dll
0x6b980000 - 0x6b983000 	C:\Program Files (x86)\Java\jdk1.8.0_181\jre\bin\api-ms-win-crt-locale-l1-1-0.dll
0x6b970000 - 0x6b975000 	C:\Program Files (x86)\Java\jdk1.8.0_181\jre\bin\api-ms-win-crt-math-l1-1-0.dll
0x6b960000 - 0x6b965000 	C:\Program Files (x86)\Java\jdk1.8.0_181\jre\bin\api-ms-win-crt-multibyte-l1-1-0.dll
0x6b950000 - 0x6b960000 	C:\Program Files (x86)\Java\jdk1.8.0_181\jre\bin\api-ms-win-crt-private-l1-1-0.dll
0x6b940000 - 0x6b943000 	C:\Program Files (x86)\Java\jdk1.8.0_181\jre\bin\api-ms-win-crt-process-l1-1-0.dll
0x6b930000 - 0x6b934000 	C:\Program Files (x86)\Java\jdk1.8.0_181\jre\bin\api-ms-win-crt-runtime-l1-1-0.dll
0x6b920000 - 0x6b924000 	C:\Program Files (x86)\Java\jdk1.8.0_181\jre\bin\api-ms-win-crt-stdio-l1-1-0.dll
0x6b910000 - 0x6b914000 	C:\Program Files (x86)\Java\jdk1.8.0_181\jre\bin\api-ms-win-crt-string-l1-1-0.dll
0x6b900000 - 0x6b903000 	C:\Program Files (x86)\Java\jdk1.8.0_181\jre\bin\api-ms-win-crt-time-l1-1-0.dll
0x6b8f0000 - 0x6b8f3000 	C:\Program Files (x86)\Java\jdk1.8.0_181\jre\bin\api-ms-win-crt-utility-l1-1-0.dll
0x6b7d0000 - 0x6b8e8000 	C:\Program Files (x86)\Java\jdk1.8.0_181\jre\bin\ucrtbase.dll
0x6b7b0000 - 0x6b7c4000 	C:\Program Files (x86)\Java\jdk1.8.0_181\jre\bin\vcruntime140.dll
0x6b740000 - 0x6b7ac000 	C:\Program Files (x86)\Java\jdk1.8.0_181\jre\bin\msvcp140.dll
0x6b700000 - 0x6b73b000 	C:\Program Files (x86)\Java\jdk1.8.0_181\jre\bin\concrt140.dll
0x6b6e0000 - 0x6b6ff000 	C:\Program Files (x86)\Java\jdk1.8.0_181\jre\bin\prism_d3d.dll
0x6b520000 - 0x6b6ad000 	C:\WINDOWS\system32\d3d9.dll
0x740e0000 - 0x74105000 	C:\WINDOWS\SYSTEM32\dwmapi.dll
0x72d40000 - 0x72d59000 	C:\WINDOWS\SYSTEM32\dxcore.dll
0x71c20000 - 0x71c9a000 	C:\WINDOWS\system32\uxtheme.dll
0x6b370000 - 0x6b513000 	C:\WINDOWS\System32\DriverStore\FileRepository\iigd_base.inf_amd64_062d16984e6c0a6b\igdumdim32.dll
0x59b80000 - 0x5ca13000 	C:\WINDOWS\System32\DriverStore\FileRepository\iigd_base.inf_amd64_062d16984e6c0a6b\igd9dxva32.dll
0x75b80000 - 0x75c77000 	C:\WINDOWS\System32\ole32.dll
0x77250000 - 0x772e2000 	C:\WINDOWS\System32\OLEAUT32.dll
0x6b330000 - 0x6b368000 	C:\Program Files (x86)\Java\jdk1.8.0_181\jre\bin\glass.dll
0x75df0000 - 0x75e9f000 	C:\WINDOWS\System32\COMDLG32.dll
0x76920000 - 0x76a25000 	C:\WINDOWS\System32\MSCTF.dll
0x66f20000 - 0x68912000 	C:\WINDOWS\System32\DriverStore\FileRepository\iigd_base.inf_amd64_062d16984e6c0a6b\igc32.dll
0x6b320000 - 0x6b330000 	C:\Program Files (x86)\Java\jdk1.8.0_181\jre\bin\javafx_font.dll
0x6b2f0000 - 0x6b311000 	C:\Program Files (x86)\Java\jdk1.8.0_181\jre\bin\javafx_iio.dll
0x66c50000 - 0x66ed2000 	C:\WINDOWS\SYSTEM32\dwrite.dll
0x76690000 - 0x76710000 	C:\WINDOWS\System32\clbcatq.dll
0x6cda0000 - 0x6cf09000 	C:\WINDOWS\SYSTEM32\WindowsCodecs.dll
0x6cd60000 - 0x6cd91000 	C:\WINDOWS\system32\dataexchange.dll
0x6cbf0000 - 0x6cd59000 	C:\WINDOWS\system32\dcomp.dll
0x72d60000 - 0x72f3e000 	C:\WINDOWS\system32\d3d11.dll
0x72f40000 - 0x73000000 	C:\WINDOWS\system32\dxgi.dll
0x6e2e0000 - 0x6e4c4000 	C:\WINDOWS\system32\twinapi.appcore.dll
0x6e2c0000 - 0x6e2df000 	C:\WINDOWS\system32\RMCLIENT.dll
0x6b2c0000 - 0x6b2e4000 	C:\Program Files (x86)\Common Files\Microsoft Shared\Ink\rtscom.dll
0x6d2d0000 - 0x6d354000 	C:\WINDOWS\System32\TextInputFramework.dll
0x6cfe0000 - 0x6d23e000 	C:\WINDOWS\System32\CoreUIComponents.dll
0x6d240000 - 0x6d2c9000 	C:\WINDOWS\System32\CoreMessaging.dll
0x73840000 - 0x73869000 	C:\WINDOWS\SYSTEM32\ntmarta.dll
0x72730000 - 0x7280a000 	C:\WINDOWS\SYSTEM32\wintypes.dll
0x6f1c0000 - 0x6f3e9000 	C:\WINDOWS\System32\iertutil.dll
0x6cf80000 - 0x6cfd3000 	C:\WINDOWS\system32\Oleacc.dll
0x6b2b0000 - 0x6b2bf000 	C:\Program Files (x86)\Java\jdk1.8.0_181\jre\bin\prism_common.dll
0x6bf70000 - 0x6bfc2000 	C:\WINDOWS\system32\Ninput.dll
0x71a70000 - 0x71bff000 	C:\WINDOWS\SYSTEM32\dbghelp.dll

VM Arguments:
jvm_args: -Dfile.encoding=UTF-8 
java_command: C:\java course - Pure\Jstore\dist\run2099128076\Jstore.jar
java_class_path (initial): C:\java course - Pure\Jstore\dist\run2099128076\Jstore.jar
Launcher Type: SUN_STANDARD

Environment Variables:
PATH=C:\Program Files (x86)\Common Files\Oracle\Java\javapath;C:\WINDOWS\system32;C:\WINDOWS;C:\WINDOWS\System32\Wbem;C:\WINDOWS\System32\WindowsPowerShell\v1.0\;C:\WINDOWS\System32\OpenSSH\;C:\Program Files\Git\cmd;C:\Program Files\dotnet\;C:\Program Files\nodejs\;C:\Users\anas\AppData\Local\Microsoft\WindowsApps;C:\Program Files\Microsoft VS Code\bin;C:\Users\anas\AppData\Local\Programs\Microsoft VS Code\bin;C:\src\flutter\flutter\bin;C:\Program Files\Git\cmd;C:\Users\anas\.dotnet\tools;C:\Program Files (x86)\Java\jdk1.8.0_181\bin;C:\Users\anas\AppData\Roaming\npm;%USERPROFILE%\AppData\Local\Microsoft\WindowsApps;
USERNAME=anas
OS=Windows_NT
PROCESSOR_IDENTIFIER=Intel64 Family 6 Model 142 Stepping 9, GenuineIntel



---------------  S Y S T E M  ---------------

OS: Windows 10.0 , 64 bit Build 18362 (10.0.18362.86)

CPU:total 4 (initial active 4) (2 cores per cpu, 2 threads per core) family 6 model 142 stepping 9, cmov, cx8, fxsr, mmx, sse, sse2, sse3, ssse3, sse4.1, sse4.2, popcnt, aes, clmul, erms, 3dnowpref, lzcnt, ht, tsc, tscinvbit

Memory: 4k page, physical 8293844k(4083664k free), swap 10259924k(5498092k free)

vm_info: Java HotSpot(TM) Client VM (25.181-b13) for windows-x86 JRE (1.8.0_181-b13), built on Jul  7 2018 03:18:20 by "java_re" with MS VC++ 10.0 (VS2010)

time: Fri Dec 20 19:45:44 2019
elapsed time: 5 seconds (0d 0h 0m 5s)

