#
# A fatal error has been detected by the Java Runtime Environment:
#
#  EXCEPTION_ACCESS_VIOLATION (0xc0000005) at pc=0x025543be, pid=9792, tid=0x00001488
#
# JRE version: Java(TM) SE Runtime Environment (8.0_181-b13) (build 1.8.0_181-b13)
# Java VM: Java HotSpot(TM) Client VM (25.181-b13 mixed mode windows-x86 )
# Problematic frame:
# j  com.sun.glass.ui.TouchInputSupport.notifyEndTouchEvent(Lcom/sun/glass/ui/View;)V+6
#
# Failed to write core dump. Minidumps are not enabled by default on client versions of Windows
#
# If you would like to submit a bug report, please visit:
#   http://bugreport.java.com/bugreport/crash.jsp
#

---------------  T H R E A D  ---------------

Current thread (0x14d32000):  JavaThread "JavaFX Application Thread" [_thread_in_Java, id=5256, stack(0x158d0000,0x15920000)]

siginfo: ExceptionCode=0xc0000005, reading address 0x01010131

Registers:
EAX=0x14661188, EBX=0x01010101, ECX=0x09ba2428, EDX=0x90000001
ESP=0x1591e960, EBP=0x1591e988, ESI=0x1591e964, EDI=0x1591e994
EIP=0x025543be, EFLAGS=0x00010246

Top of Stack: (sp=0x1591e960)
0x1591e960:   02544864 09ba2428 1591e968 1c3c896e
0x1591e970:   1591e994 1c3c8d90 00000000 1c3c89b8
0x1591e980:   1591e964 1591e990 1591e9b8 02544864
0x1591e990:   09ba2428 0a0c62f0 1591e998 1c3b5094
0x1591e9a0:   1591e9c0 1c3b54f8 00000000 1c3b50b0
0x1591e9b0:   1591e990 1591e9c0 1591e9e0 02540697
0x1591e9c0:   09ba2428 1591e9ec 6d98bb32 14d32000
0x1591e9d0:   00001fa0 1591ebd4 14d32000 02540632 

Instructions: (pc=0x025543be)
0x0255439e:   00 00 00 3b 01 8d 74 24 04 89 75 f8 ff 63 30 8b
0x025543ae:   41 04 8b 9c 98 00 01 00 00 8d 74 24 04 89 75 f8
0x025543be:   ff 63 30 66 66 90 00 00 00 00 00 00 00 00 00 00
0x025543ce:   00 00 00 01 00 00 d4 b9 b0 6d b7 00 00 00 00 00 


Register to memory mapping:

EAX=0x14661188 is pointing into metadata
EBX=0x01010101 is an unknown value
ECX=0x09ba2428 is an oop
java.lang.Object 
 - klass: 'java/lang/Object'
EDX=0x90000001 is an unknown value
ESP=0x1591e960 is pointing into the stack for thread: 0x14d32000
EBP=0x1591e988 is pointing into the stack for thread: 0x14d32000
ESI=0x1591e964 is pointing into the stack for thread: 0x14d32000
EDI=0x1591e994 is pointing into the stack for thread: 0x14d32000


Stack: [0x158d0000,0x15920000],  sp=0x1591e960,  free space=314k
Native frames: (J=compiled Java code, j=interpreted, Vv=VM code, C=native code)
j  com.sun.glass.ui.TouchInputSupport.notifyEndTouchEvent(Lcom/sun/glass/ui/View;)V+6
j  com.sun.glass.ui.win.WinGestureSupport.notifyEndTouchEvent(Lcom/sun/glass/ui/View;)V+4
v  ~StubRoutines::call_stub
V  [jvm.dll+0x15c065]
V  [jvm.dll+0x223ade]
V  [jvm.dll+0x15c0fe]
V  [jvm.dll+0xdd9c7]
V  [jvm.dll+0xe4b73]
C  [glass.dll+0x244c]


---------------  P R O C E S S  ---------------

Java Threads: ( => current thread )
  0x155c2c00 JavaThread "Prism Font Disposer" daemon [_thread_blocked, id=7728, stack(0x1e520000,0x1e570000)]
  0x14d33000 JavaThread "JavaFX-Launcher" [_thread_blocked, id=2456, stack(0x1c0f0000,0x1c140000)]
  0x15444400 JavaThread "Thread-3" daemon [_thread_in_native, id=5508, stack(0x1bf50000,0x1bfa0000)]
=>0x14d32000 JavaThread "JavaFX Application Thread" [_thread_in_Java, id=5256, stack(0x158d0000,0x15920000)]
  0x14d45c00 JavaThread "Thread-1" daemon [_thread_blocked, id=11464, stack(0x15840000,0x15890000)]
  0x14d13000 JavaThread "QuantumRenderer-0" daemon [_thread_blocked, id=5048, stack(0x15280000,0x152d0000)]
  0x14b83400 JavaThread "Service Thread" daemon [_thread_blocked, id=8016, stack(0x15160000,0x151b0000)]
  0x14b7b000 JavaThread "C1 CompilerThread0" daemon [_thread_blocked, id=2968, stack(0x150d0000,0x15120000)]
  0x14b8b000 JavaThread "Attach Listener" daemon [_thread_blocked, id=3008, stack(0x15040000,0x15090000)]
  0x14b87400 JavaThread "Signal Dispatcher" daemon [_thread_blocked, id=5276, stack(0x14fb0000,0x15000000)]
  0x14b6ac00 JavaThread "Finalizer" daemon [_thread_blocked, id=576, stack(0x14e20000,0x14e70000)]
  0x14b54c00 JavaThread "Reference Handler" daemon [_thread_blocked, id=7868, stack(0x14d90000,0x14de0000)]
  0x0243c800 JavaThread "main" [_thread_blocked, id=3488, stack(0x00ea0000,0x00ef0000)]

Other Threads:
  0x0253e000 VMThread [stack: 0x14b00000,0x14b50000] [id=8508]
  0x14b86800 WatcherThread [stack: 0x151f0000,0x15240000] [id=9544]

VM state:not at safepoint (normal execution)

VM Mutex/Monitor currently owned by a thread: None

Heap:
 def new generation   total 8128K, used 4497K [0x04600000, 0x04ed0000, 0x09b50000)
  eden space 7232K,  62% used [0x04600000, 0x04a646e8, 0x04d10000)
  from space 896K,   0% used [0x04d10000, 0x04d10000, 0x04df0000)
  to   space 896K,   0% used [0x04df0000, 0x04df0000, 0x04ed0000)
 tenured generation   total 17952K, used 10770K [0x09b50000, 0x0acd8000, 0x14600000)
   the space 17952K,  59% used [0x09b50000, 0x0a5d4800, 0x0a5d4800, 0x0acd8000)
 Metaspace       used 9345K, capacity 9917K, committed 9984K, reserved 10624K

Card table byte_map: [0x04540000,0x045d0000] byte_map_base: 0x0451d000

Polling page: 0x006d0000

CodeCache: size=32768Kb used=1565Kb max_used=1565Kb free=31202Kb
 bounds [0x02540000, 0x026c8000, 0x04540000]
 total_blobs=1010 nmethods=595 adapters=345
 compilation: enabled

Compilation events (10 events):
Event: 3.042 Thread 0x14b7b000 nmethod 593 0x026bd1c8 code [0x026bd2c0, 0x026bd340]
Event: 3.042 Thread 0x14b7b000  594             java.util.Collections$UnmodifiableCollection::size (10 bytes)
Event: 3.042 Thread 0x14b7b000 nmethod 594 0x026bd388 code [0x026bd490, 0x026bd52c]
Event: 3.043 Thread 0x14b7b000  595             javafx.css.CssMetaData::getConverter (5 bytes)
Event: 3.043 Thread 0x14b7b000 nmethod 595 0x026bd588 code [0x026bd680, 0x026bd700]
Event: 3.044 Thread 0x14b7b000  596   !         javafx.scene.CssStyleHelper::transitionToState (1075 bytes)
Event: 3.053 Thread 0x14b7b000 nmethod 596 0x026bd748 code [0x026bde10, 0x026c0034]
Event: 3.053 Thread 0x14b7b000  597             com.sun.javafx.css.StyleCacheEntry::get (37 bytes)
Event: 3.053 Thread 0x14b7b000 nmethod 597 0x026c4a08 code [0x026c4b20, 0x026c4c38]
Event: 3.053 Thread 0x14b7b000  598   !         javafx.scene.CssStyleHelper::lookup (567 bytes)

GC Heap History (10 events):
Event: 1.008 GC heap before
{Heap before GC invocations=3 (full 0):
 def new generation   total 4928K, used 4928K [0x04600000, 0x04b50000, 0x09b50000)
  eden space 4416K, 100% used [0x04600000, 0x04a50000, 0x04a50000)
  from space 512K, 100% used [0x04ad0000, 0x04b50000, 0x04b50000)
  to   space 512K,   0% used [0x04a50000, 0x04a50000, 0x04ad0000)
 tenured generation   total 10944K, used 1665K [0x09b50000, 0x0a600000, 0x14600000)
   the space 10944K,  15% used [0x09b50000, 0x09cf05c0, 0x09cf0600, 0x0a600000)
 Metaspace       used 5921K, capacity 6272K, committed 6400K, reserved 6528K
Event: 1.014 GC heap after
Heap after GC invocations=4 (full 0):
 def new generation   total 4928K, used 80K [0x04600000, 0x04b50000, 0x09b50000)
  eden space 4416K,   0% used [0x04600000, 0x04600000, 0x04a50000)
  from space 512K,  15% used [0x04a50000, 0x04a642d0, 0x04ad0000)
  to   space 512K,   0% used [0x04ad0000, 0x04ad0000, 0x04b50000)
 tenured generation   total 10944K, used 5470K [0x09b50000, 0x0a600000, 0x14600000)
   the space 10944K,  49% used [0x09b50000, 0x0a0a7818, 0x0a0a7a00, 0x0a600000)
 Metaspace       used 5921K, capacity 6272K, committed 6400K, reserved 6528K
}
Event: 1.329 GC heap before
{Heap before GC invocations=4 (full 0):
 def new generation   total 4928K, used 4496K [0x04600000, 0x04b50000, 0x09b50000)
  eden space 4416K, 100% used [0x04600000, 0x04a50000, 0x04a50000)
  from space 512K,  15% used [0x04a50000, 0x04a642d0, 0x04ad0000)
  to   space 512K,   0% used [0x04ad0000, 0x04ad0000, 0x04b50000)
 tenured generation   total 10944K, used 5470K [0x09b50000, 0x0a600000, 0x14600000)
   the space 10944K,  49% used [0x09b50000, 0x0a0a7818, 0x0a0a7a00, 0x0a600000)
 Metaspace       used 7205K, capacity 7606K, committed 7680K, reserved 8576K
Event: 1.333 GC heap after
Heap after GC invocations=5 (full 0):
 def new generation   total 4928K, used 359K [0x04600000, 0x04b50000, 0x09b50000)
  eden space 4416K,   0% used [0x04600000, 0x04600000, 0x04a50000)
  from space 512K,  70% used [0x04ad0000, 0x04b29c90, 0x04b50000)
  to   space 512K,   0% used [0x04a50000, 0x04a50000, 0x04ad0000)
 tenured generation   total 10944K, used 5470K [0x09b50000, 0x0a600000, 0x14600000)
   the space 10944K,  49% used [0x09b50000, 0x0a0a7818, 0x0a0a7a00, 0x0a600000)
 Metaspace       used 7205K, capacity 7606K, committed 7680K, reserved 8576K
}
Event: 1.579 GC heap before
{Heap before GC invocations=5 (full 0):
 def new generation   total 4928K, used 4775K [0x04600000, 0x04b50000, 0x09b50000)
  eden space 4416K, 100% used [0x04600000, 0x04a50000, 0x04a50000)
  from space 512K,  70% used [0x04ad0000, 0x04b29c90, 0x04b50000)
  to   space 512K,   0% used [0x04a50000, 0x04a50000, 0x04ad0000)
 tenured generation   total 10944K, used 5470K [0x09b50000, 0x0a600000, 0x14600000)
   the space 10944K,  49% used [0x09b50000, 0x0a0a7818, 0x0a0a7a00, 0x0a600000)
 Metaspace       used 8586K, capacity 9092K, committed 9216K, reserved 9600K
Event: 1.584 GC heap after
Heap after GC invocations=6 (full 0):
 def new generation   total 4928K, used 512K [0x04600000, 0x04b50000, 0x09b50000)
  eden space 4416K,   0% used [0x04600000, 0x04600000, 0x04a50000)
  from space 512K, 100% used [0x04a50000, 0x04ad0000, 0x04ad0000)
  to   space 512K,   0% used [0x04ad0000, 0x04ad0000, 0x04b50000)
 tenured generation   total 10944K, used 5861K [0x09b50000, 0x0a600000, 0x14600000)
   the space 10944K,  53% used [0x09b50000, 0x0a109408, 0x0a109600, 0x0a600000)
 Metaspace       used 8586K, capacity 9092K, committed 9216K, reserved 9600K
}
Event: 1.866 GC heap before
{Heap before GC invocations=6 (full 0):
 def new generation   total 4928K, used 4010K [0x04600000, 0x04b50000, 0x09b50000)
  eden space 4416K,  79% used [0x04600000, 0x0496ab88, 0x04a50000)
  from space 512K, 100% used [0x04a50000, 0x04ad0000, 0x04ad0000)
  to   space 512K,   0% used [0x04ad0000, 0x04ad0000, 0x04b50000)
 tenured generation   total 10944K, used 5861K [0x09b50000, 0x0a600000, 0x14600000)
   the space 10944K,  53% used [0x09b50000, 0x0a109408, 0x0a109600, 0x0a600000)
 Metaspace       used 9222K, capacity 9755K, committed 9856K, reserved 10624K
Event: 1.873 GC heap after
Heap after GC invocations=7 (full 0):
 def new generation   total 4928K, used 292K [0x04600000, 0x04b50000, 0x09b50000)
  eden space 4416K,   0% used [0x04600000, 0x04600000, 0x04a50000)
  from space 512K,  57% used [0x04ad0000, 0x04b19080, 0x04b50000)
  to   space 512K,   0% used [0x04a50000, 0x04a50000, 0x04ad0000)
 tenured generation   total 10944K, used 7392K [0x09b50000, 0x0a600000, 0x14600000)
   the space 10944K,  67% used [0x09b50000, 0x0a288058, 0x0a288200, 0x0a600000)
 Metaspace       used 9222K, capacity 9755K, committed 9856K, reserved 10624K
}
Event: 2.853 GC heap before
{Heap before GC invocations=7 (full 0):
 def new generation   total 4928K, used 4708K [0x04600000, 0x04b50000, 0x09b50000)
  eden space 4416K, 100% used [0x04600000, 0x04a50000, 0x04a50000)
  from space 512K,  57% used [0x04ad0000, 0x04b19080, 0x04b50000)
  to   space 512K,   0% used [0x04a50000, 0x04a50000, 0x04ad0000)
 tenured generation   total 10944K, used 7392K [0x09b50000, 0x0a600000, 0x14600000)
   the space 10944K,  67% used [0x09b50000, 0x0a288058, 0x0a288200, 0x0a600000)
 Metaspace       used 9273K, capacity 9817K, committed 9856K, reserved 10624K
Event: 2.878 GC heap after
Heap after GC invocations=8 (full 1):
 def new generation   total 8128K, used 0K [0x04600000, 0x04ed0000, 0x09b50000)
  eden space 7232K,   0% used [0x04600000, 0x04600000, 0x04d10000)
  from space 896K,   0% used [0x04d10000, 0x04d10000, 0x04df0000)
  to   space 896K,   0% used [0x04df0000, 0x04df0000, 0x04ed0000)
 tenured generation   total 17952K, used 10770K [0x09b50000, 0x0acd8000, 0x14600000)
   the space 17952K,  59% used [0x09b50000, 0x0a5d4800, 0x0a5d4800, 0x0acd8000)
 Metaspace       used 9273K, capacity 9817K, committed 9856K, reserved 10624K
}

Deoptimization events (0 events):
No events

Classes redefined (0 events):
No events

Internal exceptions (10 events):
Event: 0.237 Thread 0x0243c800 Exception <a 'java/lang/NoSuchFieldError': method resolution failed> (0x04787a70) thrown at [C:\workspace\8-2-build-windows-i586-cygwin\jdk8u181\11358\hotspot\src\share\vm\prims\methodHandles.cpp, line 1167]
Event: 0.240 Thread 0x0243c800 Exception <a 'java/lang/NoSuchFieldError': method resolution failed> (0x04793bc0) thrown at [C:\workspace\8-2-build-windows-i586-cygwin\jdk8u181\11358\hotspot\src\share\vm\prims\methodHandles.cpp, line 1167]
Event: 0.270 Thread 0x0243c800 Exception <a 'java/security/PrivilegedActionException'> (0x04814460) thrown at [C:\workspace\8-2-build-windows-i586-cygwin\jdk8u181\11358\hotspot\src\share\vm\prims\jvm.cpp, line 1435]
Event: 0.270 Thread 0x0243c800 Exception <a 'java/security/PrivilegedActionException'> (0x04814660) thrown at [C:\workspace\8-2-build-windows-i586-cygwin\jdk8u181\11358\hotspot\src\share\vm\prims\jvm.cpp, line 1435]
Event: 0.271 Thread 0x0243c800 Exception <a 'java/security/PrivilegedActionException'> (0x04818738) thrown at [C:\workspace\8-2-build-windows-i586-cygwin\jdk8u181\11358\hotspot\src\share\vm\prims\jvm.cpp, line 1435]
Event: 0.271 Thread 0x0243c800 Exception <a 'java/security/PrivilegedActionException'> (0x04818938) thrown at [C:\workspace\8-2-build-windows-i586-cygwin\jdk8u181\11358\hotspot\src\share\vm\prims\jvm.cpp, line 1435]
Event: 0.272 Thread 0x0243c800 Exception <a 'java/lang/NullPointerException'> (0x04818ea0) thrown at [C:\workspace\8-2-build-windows-i586-cygwin\jdk8u181\11358\hotspot\src\share\vm\interpreter\linkResolver.cpp, line 1185]
Event: 0.666 Thread 0x14d32000 Exception <a 'java/lang/NullPointerException'> (0x04676248) thrown at [C:\workspace\8-2-build-windows-i586-cygwin\jdk8u181\11358\hotspot\src\share\vm\interpreter\linkResolver.cpp, line 1185]
Event: 0.666 Thread 0x14d32000 Exception <a 'java/lang/NullPointerException'> (0x04676248) thrown at [C:\workspace\8-2-build-windows-i586-cygwin\jdk8u181\11358\hotspot\src\share\vm\prims\jvm.cpp, line 1439]
Event: 3.017 Thread 0x14d32000 Implicit null exception at 0x02660f60 to 0x0266264f

Events (10 events):
Event: 3.014 loading class com/sun/prism/GraphicsResource
Event: 3.014 loading class com/sun/prism/GraphicsResource done
Event: 3.014 loading class com/sun/prism/GraphicsResource
Event: 3.014 loading class com/sun/prism/GraphicsResource done
Event: 3.015 loading class com/sun/javafx/tk/quantum/ViewScene
Event: 3.015 loading class com/sun/javafx/tk/quantum/ViewScene done
Event: 3.017 Thread 0x14d32000 DEOPT PACKING pc=0x02662654 sp=0x1591d620
Event: 3.017 Thread 0x14d32000 DEOPT UNPACKING pc=0x0257c5e5 sp=0x1591d598 mode 3
Event: 3.026 Thread 0x14d32000 DEOPT PACKING pc=0x026afddc sp=0x1591d800
Event: 3.026 Thread 0x14d32000 DEOPT UNPACKING pc=0x0257c5e5 sp=0x1591d6b4 mode 3


Dynamic libraries:
0x00f30000 - 0x00f63000 	C:\Program Files (x86)\Java\jdk1.8.0_181\jre\bin\java.exe
0x77300000 - 0x7749a000 	C:\WINDOWS\SYSTEM32\ntdll.dll
0x74d00000 - 0x74de0000 	C:\WINDOWS\System32\KERNEL32.DLL
0x75880000 - 0x75a7c000 	C:\WINDOWS\System32\KERNELBASE.dll
0x744a0000 - 0x7453f000 	C:\WINDOWS\SYSTEM32\apphelp.dll
0x768a0000 - 0x76919000 	C:\WINDOWS\System32\ADVAPI32.dll
0x74c40000 - 0x74cff000 	C:\WINDOWS\System32\msvcrt.dll
0x76770000 - 0x767e6000 	C:\WINDOWS\System32\sechost.dll
0x76010000 - 0x760cb000 	C:\WINDOWS\System32\RPCRT4.dll
0x74ad0000 - 0x74af0000 	C:\WINDOWS\System32\SspiCli.dll
0x74ac0000 - 0x74aca000 	C:\WINDOWS\System32\CRYPTBASE.dll
0x76a80000 - 0x76adf000 	C:\WINDOWS\System32\bcryptPrimitives.dll
0x770b0000 - 0x77245000 	C:\WINDOWS\System32\USER32.dll
0x76a60000 - 0x76a77000 	C:\WINDOWS\System32\win32u.dll
0x76800000 - 0x76821000 	C:\WINDOWS\System32\GDI32.dll
0x75390000 - 0x754ea000 	C:\WINDOWS\System32\gdi32full.dll
0x75f00000 - 0x75f7c000 	C:\WINDOWS\System32\msvcp_win.dll
0x74b20000 - 0x74c3f000 	C:\WINDOWS\System32\ucrtbase.dll
0x738f0000 - 0x73aff000 	C:\WINDOWS\WinSxS\x86_microsoft.windows.common-controls_6595b64144ccf1df_6.0.18362.175_none_2e70e1f6278c3dcf\COMCTL32.dll
0x75560000 - 0x757d6000 	C:\WINDOWS\System32\combase.dll
0x76a30000 - 0x76a55000 	C:\WINDOWS\System32\IMM32.DLL
0x6d770000 - 0x6d82f000 	C:\Program Files (x86)\Java\jdk1.8.0_181\jre\bin\msvcr100.dll
0x6d830000 - 0x6dc03000 	C:\Program Files (x86)\Java\jdk1.8.0_181\jre\bin\client\jvm.dll
0x74af0000 - 0x74af6000 	C:\WINDOWS\System32\PSAPI.DLL
0x737f0000 - 0x73814000 	C:\WINDOWS\SYSTEM32\WINMM.dll
0x73c40000 - 0x73c48000 	C:\WINDOWS\SYSTEM32\WSOCK32.dll
0x745f0000 - 0x745f8000 	C:\WINDOWS\SYSTEM32\VERSION.dll
0x75ad0000 - 0x75b2e000 	C:\WINDOWS\System32\WS2_32.dll
0x737c0000 - 0x737e3000 	C:\WINDOWS\SYSTEM32\winmmbase.dll
0x75a90000 - 0x75acb000 	C:\WINDOWS\System32\cfgmgr32.dll
0x721d0000 - 0x721dc000 	C:\Program Files (x86)\Java\jdk1.8.0_181\jre\bin\verify.dll
0x6d740000 - 0x6d762000 	C:\Program Files (x86)\Java\jdk1.8.0_181\jre\bin\java.dll
0x6d720000 - 0x6d734000 	C:\Program Files (x86)\Java\jdk1.8.0_181\jre\bin\zip.dll
0x76110000 - 0x76684000 	C:\WINDOWS\System32\SHELL32.dll
0x75f80000 - 0x76004000 	C:\WINDOWS\System32\shcore.dll
0x76ae0000 - 0x770a1000 	C:\WINDOWS\System32\windows.storage.dll
0x74b00000 - 0x74b17000 	C:\WINDOWS\System32\profapi.dll
0x75b30000 - 0x75b73000 	C:\WINDOWS\System32\powrprof.dll
0x75a80000 - 0x75a8d000 	C:\WINDOWS\System32\UMPDC.dll
0x754f0000 - 0x75534000 	C:\WINDOWS\System32\shlwapi.dll
0x767f0000 - 0x767ff000 	C:\WINDOWS\System32\kernel.appcore.dll
0x760f0000 - 0x76103000 	C:\WINDOWS\System32\cryptsp.dll
0x6bf60000 - 0x6bf63000 	C:\Program Files (x86)\Java\jdk1.8.0_181\jre\bin\api-ms-win-core-console-l1-1-0.dll
0x6bf50000 - 0x6bf53000 	C:\Program Files (x86)\Java\jdk1.8.0_181\jre\bin\api-ms-win-core-datetime-l1-1-0.dll
0x6bf40000 - 0x6bf43000 	C:\Program Files (x86)\Java\jdk1.8.0_181\jre\bin\api-ms-win-core-debug-l1-1-0.dll
0x6bf30000 - 0x6bf33000 	C:\Program Files (x86)\Java\jdk1.8.0_181\jre\bin\api-ms-win-core-errorhandling-l1-1-0.dll
0x6bf20000 - 0x6bf24000 	C:\Program Files (x86)\Java\jdk1.8.0_181\jre\bin\api-ms-win-core-file-l1-1-0.dll
0x6bf10000 - 0x6bf13000 	C:\Program Files (x86)\Java\jdk1.8.0_181\jre\bin\api-ms-win-core-file-l1-2-0.dll
0x6bf00000 - 0x6bf03000 	C:\Program Files (x86)\Java\jdk1.8.0_181\jre\bin\api-ms-win-core-file-l2-1-0.dll
0x6bef0000 - 0x6bef3000 	C:\Program Files (x86)\Java\jdk1.8.0_181\jre\bin\api-ms-win-core-handle-l1-1-0.dll
0x6bee0000 - 0x6bee3000 	C:\Program Files (x86)\Java\jdk1.8.0_181\jre\bin\api-ms-win-core-heap-l1-1-0.dll
0x6bed0000 - 0x6bed3000 	C:\Program Files (x86)\Java\jdk1.8.0_181\jre\bin\api-ms-win-core-interlocked-l1-1-0.dll
0x6bec0000 - 0x6bec3000 	C:\Program Files (x86)\Java\jdk1.8.0_181\jre\bin\api-ms-win-core-libraryloader-l1-1-0.dll
0x6beb0000 - 0x6beb3000 	C:\Program Files (x86)\Java\jdk1.8.0_181\jre\bin\api-ms-win-core-localization-l1-2-0.dll
0x6bea0000 - 0x6bea3000 	C:\Program Files (x86)\Java\jdk1.8.0_181\jre\bin\api-ms-win-core-memory-l1-1-0.dll
0x6be90000 - 0x6be93000 	C:\Program Files (x86)\Java\jdk1.8.0_181\jre\bin\api-ms-win-core-namedpipe-l1-1-0.dll
0x6be80000 - 0x6be83000 	C:\Program Files (x86)\Java\jdk1.8.0_181\jre\bin\api-ms-win-core-processenvironment-l1-1-0.dll
0x6be70000 - 0x6be73000 	C:\Program Files (x86)\Java\jdk1.8.0_181\jre\bin\api-ms-win-core-processthreads-l1-1-0.dll
0x6be60000 - 0x6be63000 	C:\Program Files (x86)\Java\jdk1.8.0_181\jre\bin\api-ms-win-core-processthreads-l1-1-1.dll
0x6be50000 - 0x6be53000 	C:\Program Files (x86)\Java\jdk1.8.0_181\jre\bin\api-ms-win-core-profile-l1-1-0.dll
0x6be40000 - 0x6be43000 	C:\Program Files (x86)\Java\jdk1.8.0_181\jre\bin\api-ms-win-core-rtlsupport-l1-1-0.dll
0x6be30000 - 0x6be33000 	C:\Program Files (x86)\Java\jdk1.8.0_181\jre\bin\api-ms-win-core-string-l1-1-0.dll
0x6be20000 - 0x6be23000 	C:\Program Files (x86)\Java\jdk1.8.0_181\jre\bin\api-ms-win-core-synch-l1-1-0.dll
0x6be10000 - 0x6be13000 	C:\Program Files (x86)\Java\jdk1.8.0_181\jre\bin\api-ms-win-core-synch-l1-2-0.dll
0x6be00000 - 0x6be03000 	C:\Program Files (x86)\Java\jdk1.8.0_181\jre\bin\api-ms-win-core-sysinfo-l1-1-0.dll
0x6bdf0000 - 0x6bdf3000 	C:\Program Files (x86)\Java\jdk1.8.0_181\jre\bin\api-ms-win-core-timezone-l1-1-0.dll
0x6bde0000 - 0x6bde3000 	C:\Program Files (x86)\Java\jdk1.8.0_181\jre\bin\api-ms-win-core-util-l1-1-0.dll
0x6bdd0000 - 0x6bdd3000 	C:\Program Files (x86)\Java\jdk1.8.0_181\jre\bin\api-ms-win-crt-conio-l1-1-0.dll
0x6bdc0000 - 0x6bdc4000 	C:\Program Files (x86)\Java\jdk1.8.0_181\jre\bin\api-ms-win-crt-convert-l1-1-0.dll
0x6bdb0000 - 0x6bdb3000 	C:\Program Files (x86)\Java\jdk1.8.0_181\jre\bin\api-ms-win-crt-environment-l1-1-0.dll
0x6bda0000 - 0x6bda3000 	C:\Program Files (x86)\Java\jdk1.8.0_181\jre\bin\api-ms-win-crt-filesystem-l1-1-0.dll
0x6bd90000 - 0x6bd93000 	C:\Program Files (x86)\Java\jdk1.8.0_181\jre\bin\api-ms-win-crt-heap-l1-1-0.dll
0x6bd80000 - 0x6bd83000 	C:\Program Files (x86)\Java\jdk1.8.0_181\jre\bin\api-ms-win-crt-locale-l1-1-0.dll
0x6bd70000 - 0x6bd75000 	C:\Program Files (x86)\Java\jdk1.8.0_181\jre\bin\api-ms-win-crt-math-l1-1-0.dll
0x6bd60000 - 0x6bd65000 	C:\Program Files (x86)\Java\jdk1.8.0_181\jre\bin\api-ms-win-crt-multibyte-l1-1-0.dll
0x6bd50000 - 0x6bd60000 	C:\Program Files (x86)\Java\jdk1.8.0_181\jre\bin\api-ms-win-crt-private-l1-1-0.dll
0x6bd40000 - 0x6bd43000 	C:\Program Files (x86)\Java\jdk1.8.0_181\jre\bin\api-ms-win-crt-process-l1-1-0.dll
0x6bd30000 - 0x6bd34000 	C:\Program Files (x86)\Java\jdk1.8.0_181\jre\bin\api-ms-win-crt-runtime-l1-1-0.dll
0x6bd20000 - 0x6bd24000 	C:\Program Files (x86)\Java\jdk1.8.0_181\jre\bin\api-ms-win-crt-stdio-l1-1-0.dll
0x6bd10000 - 0x6bd14000 	C:\Program Files (x86)\Java\jdk1.8.0_181\jre\bin\api-ms-win-crt-string-l1-1-0.dll
0x6bd00000 - 0x6bd03000 	C:\Program Files (x86)\Java\jdk1.8.0_181\jre\bin\api-ms-win-crt-time-l1-1-0.dll
0x6bcf0000 - 0x6bcf3000 	C:\Program Files (x86)\Java\jdk1.8.0_181\jre\bin\api-ms-win-crt-utility-l1-1-0.dll
0x6bbd0000 - 0x6bce8000 	C:\Program Files (x86)\Java\jdk1.8.0_181\jre\bin\ucrtbase.dll
0x6bbb0000 - 0x6bbc4000 	C:\Program Files (x86)\Java\jdk1.8.0_181\jre\bin\vcruntime140.dll
0x6bb40000 - 0x6bbac000 	C:\Program Files (x86)\Java\jdk1.8.0_181\jre\bin\msvcp140.dll
0x6bb00000 - 0x6bb3b000 	C:\Program Files (x86)\Java\jdk1.8.0_181\jre\bin\concrt140.dll
0x6bae0000 - 0x6baff000 	C:\Program Files (x86)\Java\jdk1.8.0_181\jre\bin\prism_d3d.dll
0x6b950000 - 0x6badd000 	C:\WINDOWS\system32\d3d9.dll
0x740e0000 - 0x74105000 	C:\WINDOWS\SYSTEM32\dwmapi.dll
0x72d40000 - 0x72d59000 	C:\WINDOWS\SYSTEM32\dxcore.dll
0x71c20000 - 0x71c9a000 	C:\WINDOWS\system32\uxtheme.dll
0x6b7a0000 - 0x6b943000 	C:\WINDOWS\System32\DriverStore\FileRepository\iigd_base.inf_amd64_062d16984e6c0a6b\igdumdim32.dll
0x59b80000 - 0x5ca13000 	C:\WINDOWS\System32\DriverStore\FileRepository\iigd_base.inf_amd64_062d16984e6c0a6b\igd9dxva32.dll
0x75b80000 - 0x75c77000 	C:\WINDOWS\System32\ole32.dll
0x77250000 - 0x772e2000 	C:\WINDOWS\System32\OLEAUT32.dll
0x6b760000 - 0x6b798000 	C:\Program Files (x86)\Java\jdk1.8.0_181\jre\bin\glass.dll
0x75df0000 - 0x75e9f000 	C:\WINDOWS\System32\COMDLG32.dll
0x76920000 - 0x76a25000 	C:\WINDOWS\System32\MSCTF.dll
0x66f20000 - 0x68912000 	C:\WINDOWS\System32\DriverStore\FileRepository\iigd_base.inf_amd64_062d16984e6c0a6b\igc32.dll
0x6b750000 - 0x6b760000 	C:\Program Files (x86)\Java\jdk1.8.0_181\jre\bin\javafx_font.dll
0x6b720000 - 0x6b741000 	C:\Program Files (x86)\Java\jdk1.8.0_181\jre\bin\javafx_iio.dll
0x66c50000 - 0x66ed2000 	C:\WINDOWS\SYSTEM32\dwrite.dll
0x76690000 - 0x76710000 	C:\WINDOWS\System32\clbcatq.dll
0x6cda0000 - 0x6cf09000 	C:\WINDOWS\SYSTEM32\WindowsCodecs.dll
0x6cd60000 - 0x6cd91000 	C:\WINDOWS\system32\dataexchange.dll
0x72d60000 - 0x72f3e000 	C:\WINDOWS\system32\d3d11.dll
0x6cbf0000 - 0x6cd59000 	C:\WINDOWS\system32\dcomp.dll
0x72f40000 - 0x73000000 	C:\WINDOWS\system32\dxgi.dll
0x6e2e0000 - 0x6e4c4000 	C:\WINDOWS\system32\twinapi.appcore.dll
0x6e2c0000 - 0x6e2df000 	C:\WINDOWS\system32\RMCLIENT.dll
0x6b6f0000 - 0x6b714000 	C:\Program Files (x86)\Common Files\Microsoft Shared\Ink\rtscom.dll
0x6d2d0000 - 0x6d354000 	C:\WINDOWS\System32\TextInputFramework.dll
0x6cfe0000 - 0x6d23e000 	C:\WINDOWS\System32\CoreUIComponents.dll
0x6d240000 - 0x6d2c9000 	C:\WINDOWS\System32\CoreMessaging.dll
0x73840000 - 0x73869000 	C:\WINDOWS\SYSTEM32\ntmarta.dll
0x72730000 - 0x7280a000 	C:\WINDOWS\SYSTEM32\wintypes.dll
0x6f1c0000 - 0x6f3e9000 	C:\WINDOWS\System32\iertutil.dll
0x6cf80000 - 0x6cfd3000 	C:\WINDOWS\system32\Oleacc.dll
0x6b6e0000 - 0x6b6ef000 	C:\Program Files (x86)\Java\jdk1.8.0_181\jre\bin\prism_common.dll
0x6bf70000 - 0x6bfc2000 	C:\WINDOWS\system32\Ninput.dll
0x71a70000 - 0x71bff000 	C:\WINDOWS\SYSTEM32\dbghelp.dll

VM Arguments:
jvm_args: -Dfile.encoding=UTF-8 
java_command: C:\java course - Pure\Jstore\dist\run539489656\Jstore.jar
java_class_path (initial): C:\java course - Pure\Jstore\dist\run539489656\Jstore.jar
Launcher Type: SUN_STANDARD

Environment Variables:
PATH=C:\Program Files (x86)\Common Files\Oracle\Java\javapath;C:\WINDOWS\system32;C:\WINDOWS;C:\WINDOWS\System32\Wbem;C:\WINDOWS\System32\WindowsPowerShell\v1.0\;C:\WINDOWS\System32\OpenSSH\;C:\Program Files\Git\cmd;C:\Program Files\dotnet\;C:\Program Files\nodejs\;C:\Users\anas\AppData\Local\Microsoft\WindowsApps;C:\Program Files\Microsoft VS Code\bin;C:\Users\anas\AppData\Local\Programs\Microsoft VS Code\bin;C:\src\flutter\flutter\bin;C:\Program Files\Git\cmd;C:\Users\anas\.dotnet\tools;C:\Program Files (x86)\Java\jdk1.8.0_181\bin;C:\Users\anas\AppData\Roaming\npm;%USERPROFILE%\AppData\Local\Microsoft\WindowsApps;
USERNAME=anas
OS=Windows_NT
PROCESSOR_IDENTIFIER=Intel64 Family 6 Model 142 Stepping 9, GenuineIntel



---------------  S Y S T E M  ---------------

OS: Windows 10.0 , 64 bit Build 18362 (10.0.18362.86)

CPU:total 4 (initial active 4) (2 cores per cpu, 2 threads per core) family 6 model 142 stepping 9, cmov, cx8, fxsr, mmx, sse, sse2, sse3, ssse3, sse4.1, sse4.2, popcnt, aes, clmul, erms, 3dnowpref, lzcnt, ht, tsc, tscinvbit

Memory: 4k page, physical 8293844k(5139072k free), swap 10259924k(6419196k free)

vm_info: Java HotSpot(TM) Client VM (25.181-b13) for windows-x86 JRE (1.8.0_181-b13), built on Jul  7 2018 03:18:20 by "java_re" with MS VC++ 10.0 (VS2010)

time: Fri Dec 20 15:56:01 2019
elapsed time: 3 seconds (0d 0h 0m 3s)

