#
# A fatal error has been detected by the Java Runtime Environment:
#
#  EXCEPTION_ACCESS_VIOLATION (0xc0000005) at pc=0x02ef43be, pid=11768, tid=0x00001910
#
# JRE version: Java(TM) SE Runtime Environment (8.0_181-b13) (build 1.8.0_181-b13)
# Java VM: Java HotSpot(TM) Client VM (25.181-b13 mixed mode windows-x86 )
# Problematic frame:
# j  com.sun.glass.ui.TouchInputSupport.notifyEndTouchEvent(Lcom/sun/glass/ui/View;)V+6
#
# Failed to write core dump. Minidumps are not enabled by default on client versions of Windows
#
# If you would like to submit a bug report, please visit:
#   http://bugreport.java.com/bugreport/crash.jsp
#

---------------  T H R E A D  ---------------

Current thread (0x15637c00):  JavaThread "JavaFX Application Thread" [_thread_in_Java, id=6416, stack(0x16200000,0x16250000)]

siginfo: ExceptionCode=0xc0000005, reading address 0x01010131

Registers:
EAX=0x15001188, EBX=0x01010101, ECX=0x0a5a21b0, EDX=0x90000001
ESP=0x1624eba0, EBP=0x1624ebc8, ESI=0x1624eba4, EDI=0x1624ebd4
EIP=0x02ef43be, EFLAGS=0x00010246

Top of Stack: (sp=0x1624eba0)
0x1624eba0:   02ee4864 0a5a21b0 1624eba8 1cea89de
0x1624ebb0:   1624ebd4 1cea8e00 00000000 1cea8a28
0x1624ebc0:   1624eba4 1624ebd0 1624ebf8 02ee4864
0x1624ebd0:   0a5a21b0 0ae6e3b8 1624ebd8 1ce951d4
0x1624ebe0:   1624ec00 1ce95638 00000000 1ce951f0
0x1624ebf0:   1624ebd0 1624ec00 1624ec20 02ee0697
0x1624ec00:   0a5a21b0 1624ec2c 6d98bb32 15637c00
0x1624ec10:   00001fa0 1624ee14 15637c00 02ee0632 

Instructions: (pc=0x02ef43be)
0x02ef439e:   00 00 00 3b 01 8d 74 24 04 89 75 f8 ff 63 30 8b
0x02ef43ae:   41 04 8b 9c 98 00 01 00 00 8d 74 24 04 89 75 f8
0x02ef43be:   ff 63 30 66 66 90 00 00 00 00 00 00 00 00 00 00
0x02ef43ce:   00 00 00 01 00 00 d4 b9 b0 6d b7 00 00 00 00 00 


Register to memory mapping:

EAX=0x15001188 is pointing into metadata
EBX=0x01010101 is an unknown value
ECX=0x0a5a21b0 is an oop
java.lang.Object 
 - klass: 'java/lang/Object'
EDX=0x90000001 is an unknown value
ESP=0x1624eba0 is pointing into the stack for thread: 0x15637c00
EBP=0x1624ebc8 is pointing into the stack for thread: 0x15637c00
ESI=0x1624eba4 is pointing into the stack for thread: 0x15637c00
EDI=0x1624ebd4 is pointing into the stack for thread: 0x15637c00


Stack: [0x16200000,0x16250000],  sp=0x1624eba0,  free space=314k
Native frames: (J=compiled Java code, j=interpreted, Vv=VM code, C=native code)
j  com.sun.glass.ui.TouchInputSupport.notifyEndTouchEvent(Lcom/sun/glass/ui/View;)V+6
j  com.sun.glass.ui.win.WinGestureSupport.notifyEndTouchEvent(Lcom/sun/glass/ui/View;)V+4
v  ~StubRoutines::call_stub
V  [jvm.dll+0x15c065]
V  [jvm.dll+0x223ade]
V  [jvm.dll+0x15c0fe]
V  [jvm.dll+0xdd9c7]
V  [jvm.dll+0xe4b73]
C  [glass.dll+0x244c]


---------------  P R O C E S S  ---------------

Java Threads: ( => current thread )
  0x15df2000 JavaThread "Prism Font Disposer" daemon [_thread_blocked, id=1224, stack(0x1ee90000,0x1eee0000)]
  0x15c9c800 JavaThread "Thread-3" daemon [_thread_in_native, id=236, stack(0x1cb30000,0x1cb80000)]
  0x1565b000 JavaThread "JavaFX-Launcher" [_thread_blocked, id=7648, stack(0x1cbc0000,0x1cc10000)]
=>0x15637c00 JavaThread "JavaFX Application Thread" [_thread_in_Java, id=6416, stack(0x16200000,0x16250000)]
  0x15654000 JavaThread "Thread-1" daemon [_thread_blocked, id=11856, stack(0x16170000,0x161c0000)]
  0x15621000 JavaThread "QuantumRenderer-0" daemon [_thread_blocked, id=9476, stack(0x15b90000,0x15be0000)]
  0x15491c00 JavaThread "Service Thread" daemon [_thread_blocked, id=2356, stack(0x15a70000,0x15ac0000)]
  0x1549a400 JavaThread "C1 CompilerThread0" daemon [_thread_blocked, id=12076, stack(0x159e0000,0x15a30000)]
  0x15499400 JavaThread "Attach Listener" daemon [_thread_blocked, id=12068, stack(0x15950000,0x159a0000)]
  0x15497400 JavaThread "Signal Dispatcher" daemon [_thread_blocked, id=6792, stack(0x158c0000,0x15910000)]
  0x1547ac00 JavaThread "Finalizer" daemon [_thread_blocked, id=1080, stack(0x15730000,0x15780000)]
  0x15464c00 JavaThread "Reference Handler" daemon [_thread_blocked, id=11700, stack(0x156a0000,0x156f0000)]
  0x012ac800 JavaThread "main" [_thread_blocked, id=9512, stack(0x01250000,0x012a0000)]

Other Threads:
  0x02ede000 VMThread [stack: 0x04fb0000,0x05000000] [id=6204]
  0x15495000 WatcherThread [stack: 0x15b00000,0x15b50000] [id=2264]

VM state:not at safepoint (normal execution)

VM Mutex/Monitor currently owned by a thread: None

Heap:
 def new generation   total 9600K, used 5869K [0x05000000, 0x05a60000, 0x0a550000)
  eden space 8576K,  68% used [0x05000000, 0x055bb460, 0x05860000)
  from space 1024K,   0% used [0x05860000, 0x05860000, 0x05960000)
  to   space 1024K,   0% used [0x05960000, 0x05960000, 0x05a60000)
 tenured generation   total 21108K, used 12663K [0x0a550000, 0x0b9ed000, 0x15000000)
   the space 21108K,  59% used [0x0a550000, 0x0b1adf90, 0x0b1ae000, 0x0b9ed000)
 Metaspace       used 9387K, capacity 9949K, committed 9984K, reserved 10624K

Card table byte_map: [0x04ee0000,0x04f70000] byte_map_base: 0x04eb8000

Polling page: 0x012c0000

CodeCache: size=32768Kb used=1571Kb max_used=1571Kb free=31196Kb
 bounds [0x02ee0000, 0x03070000, 0x04ee0000]
 total_blobs=1018 nmethods=601 adapters=347
 compilation: enabled

Compilation events (10 events):
Event: 3.228 Thread 0x1549a400  603             com.sun.javafx.geom.RectBounds::getMinX (5 bytes)
Event: 3.229 Thread 0x1549a400 nmethod 603 0x03067e08 code [0x03067f00, 0x03067f80]
Event: 3.229 Thread 0x1549a400  604             javafx.scene.Node::getStyleClass (5 bytes)
Event: 3.229 Thread 0x1549a400 nmethod 604 0x03067fc8 code [0x030680c0, 0x03068140]
Event: 3.229 Thread 0x1549a400  605             com.sun.javafx.css.CompoundSelector::applies (144 bytes)
Event: 3.229 Thread 0x1549a400 nmethod 605 0x03068188 code [0x03068300, 0x030685d0]
Event: 3.229 Thread 0x1549a400  606             javafx.scene.CssStyleHelper::handleNoStyleFound (88 bytes)
Event: 3.230 Thread 0x1549a400 nmethod 606 0x03068848 code [0x03068980, 0x03068b20]
Event: 3.230 Thread 0x1549a400  607             com.sun.javafx.geom.RectBounds::getMinY (5 bytes)
Event: 3.230 Thread 0x1549a400 nmethod 607 0x03068c88 code [0x03068d80, 0x03068e00]

GC Heap History (10 events):
Event: 1.155 GC heap before
{Heap before GC invocations=4 (full 0):
 def new generation   total 4928K, used 2282K [0x05000000, 0x05550000, 0x0a550000)
  eden space 4416K,  49% used [0x05000000, 0x05226388, 0x05450000)
  from space 512K,  15% used [0x05450000, 0x05464750, 0x054d0000)
  to   space 512K,   0% used [0x054d0000, 0x054d0000, 0x05550000)
 tenured generation   total 10944K, used 5464K [0x0a550000, 0x0b000000, 0x15000000)
   the space 10944K,  49% used [0x0a550000, 0x0aaa61a0, 0x0aaa6200, 0x0b000000)
 Metaspace       used 6550K, capacity 6888K, committed 6912K, reserved 7552K
Event: 1.157 GC heap after
Heap after GC invocations=5 (full 0):
 def new generation   total 4928K, used 217K [0x05000000, 0x05550000, 0x0a550000)
  eden space 4416K,   0% used [0x05000000, 0x05000000, 0x05450000)
  from space 512K,  42% used [0x054d0000, 0x05506578, 0x05550000)
  to   space 512K,   0% used [0x05450000, 0x05450000, 0x054d0000)
 tenured generation   total 10944K, used 5464K [0x0a550000, 0x0b000000, 0x15000000)
   the space 10944K,  49% used [0x0a550000, 0x0aaa61a0, 0x0aaa6200, 0x0b000000)
 Metaspace       used 6550K, capacity 6888K, committed 6912K, reserved 7552K
}
Event: 1.277 GC heap before
{Heap before GC invocations=5 (full 0):
 def new generation   total 4928K, used 4633K [0x05000000, 0x05550000, 0x0a550000)
  eden space 4416K, 100% used [0x05000000, 0x05450000, 0x05450000)
  from space 512K,  42% used [0x054d0000, 0x05506578, 0x05550000)
  to   space 512K,   0% used [0x05450000, 0x05450000, 0x054d0000)
 tenured generation   total 10944K, used 5464K [0x0a550000, 0x0b000000, 0x15000000)
   the space 10944K,  49% used [0x0a550000, 0x0aaa61a0, 0x0aaa6200, 0x0b000000)
 Metaspace       used 6853K, capacity 7193K, committed 7296K, reserved 7552K
Event: 1.282 GC heap after
Heap after GC invocations=6 (full 0):
 def new generation   total 4928K, used 283K [0x05000000, 0x05550000, 0x0a550000)
  eden space 4416K,   0% used [0x05000000, 0x05000000, 0x05450000)
  from space 512K,  55% used [0x05450000, 0x05496c38, 0x054d0000)
  to   space 512K,   0% used [0x054d0000, 0x054d0000, 0x05550000)
 tenured generation   total 10944K, used 8762K [0x0a550000, 0x0b000000, 0x15000000)
   the space 10944K,  80% used [0x0a550000, 0x0addeaa8, 0x0addec00, 0x0b000000)
 Metaspace       used 6853K, capacity 7193K, committed 7296K, reserved 7552K
}
Event: 1.592 GC heap before
{Heap before GC invocations=6 (full 0):
 def new generation   total 4928K, used 4699K [0x05000000, 0x05550000, 0x0a550000)
  eden space 4416K, 100% used [0x05000000, 0x05450000, 0x05450000)
  from space 512K,  55% used [0x05450000, 0x05496c38, 0x054d0000)
  to   space 512K,   0% used [0x054d0000, 0x054d0000, 0x05550000)
 tenured generation   total 10944K, used 8762K [0x0a550000, 0x0b000000, 0x15000000)
   the space 10944K,  80% used [0x0a550000, 0x0addeaa8, 0x0addec00, 0x0b000000)
 Metaspace       used 8294K, capacity 8791K, committed 8832K, reserved 9600K
Event: 1.598 GC heap after
Heap after GC invocations=7 (full 0):
 def new generation   total 4928K, used 512K [0x05000000, 0x05550000, 0x0a550000)
  eden space 4416K,   0% used [0x05000000, 0x05000000, 0x05450000)
  from space 512K, 100% used [0x054d0000, 0x05550000, 0x05550000)
  to   space 512K,   0% used [0x05450000, 0x05450000, 0x054d0000)
 tenured generation   total 10944K, used 9125K [0x0a550000, 0x0b000000, 0x15000000)
   the space 10944K,  83% used [0x0a550000, 0x0ae39590, 0x0ae39600, 0x0b000000)
 Metaspace       used 8294K, capacity 8791K, committed 8832K, reserved 9600K
}
Event: 1.881 GC heap before
{Heap before GC invocations=7 (full 0):
 def new generation   total 4928K, used 4002K [0x05000000, 0x05550000, 0x0a550000)
  eden space 4416K,  79% used [0x05000000, 0x05368a58, 0x05450000)
  from space 512K, 100% used [0x054d0000, 0x05550000, 0x05550000)
  to   space 512K,   0% used [0x05450000, 0x05450000, 0x054d0000)
 tenured generation   total 10944K, used 9125K [0x0a550000, 0x0b000000, 0x15000000)
   the space 10944K,  83% used [0x0a550000, 0x0ae39590, 0x0ae39600, 0x0b000000)
 Metaspace       used 9167K, capacity 9689K, committed 9728K, reserved 10624K
Event: 1.890 GC heap after
Heap after GC invocations=8 (full 0):
 def new generation   total 4928K, used 408K [0x05000000, 0x05550000, 0x0a550000)
  eden space 4416K,   0% used [0x05000000, 0x05000000, 0x05450000)
  from space 512K,  79% used [0x05450000, 0x054b6190, 0x054d0000)
  to   space 512K,   0% used [0x054d0000, 0x054d0000, 0x05550000)
 tenured generation   total 10944K, used 9619K [0x0a550000, 0x0b000000, 0x15000000)
   the space 10944K,  87% used [0x0a550000, 0x0aeb4d38, 0x0aeb4e00, 0x0b000000)
 Metaspace       used 9167K, capacity 9689K, committed 9728K, reserved 10624K
}
Event: 1.930 GC heap before
{Heap before GC invocations=8 (full 0):
 def new generation   total 4928K, used 4487K [0x05000000, 0x05550000, 0x0a550000)
  eden space 4416K,  92% used [0x05000000, 0x053fbb08, 0x05450000)
  from space 512K,  79% used [0x05450000, 0x054b6190, 0x054d0000)
  to   space 512K,   0% used [0x054d0000, 0x054d0000, 0x05550000)
 tenured generation   total 10944K, used 9619K [0x0a550000, 0x0b000000, 0x15000000)
   the space 10944K,  87% used [0x0a550000, 0x0aeb4d38, 0x0aeb4e00, 0x0b000000)
 Metaspace       used 9227K, capacity 9755K, committed 9856K, reserved 10624K
Event: 1.956 GC heap after
Heap after GC invocations=9 (full 1):
 def new generation   total 9600K, used 0K [0x05000000, 0x05a60000, 0x0a550000)
  eden space 8576K,   0% used [0x05000000, 0x05000000, 0x05860000)
  from space 1024K,   0% used [0x05860000, 0x05860000, 0x05960000)
  to   space 1024K,   0% used [0x05960000, 0x05960000, 0x05a60000)
 tenured generation   total 21108K, used 12663K [0x0a550000, 0x0b9ed000, 0x15000000)
   the space 21108K,  59% used [0x0a550000, 0x0b1adf90, 0x0b1ae000, 0x0b9ed000)
 Metaspace       used 9227K, capacity 9755K, committed 9856K, reserved 10624K
}

Deoptimization events (0 events):
No events

Classes redefined (0 events):
No events

Internal exceptions (10 events):
Event: 0.256 Thread 0x012ac800 Exception <a 'java/lang/NoSuchFieldError': method resolution failed> (0x05187a40) thrown at [C:\workspace\8-2-build-windows-i586-cygwin\jdk8u181\11358\hotspot\src\share\vm\prims\methodHandles.cpp, line 1167]
Event: 0.258 Thread 0x012ac800 Exception <a 'java/lang/NoSuchFieldError': method resolution failed> (0x05193b90) thrown at [C:\workspace\8-2-build-windows-i586-cygwin\jdk8u181\11358\hotspot\src\share\vm\prims\methodHandles.cpp, line 1167]
Event: 0.286 Thread 0x012ac800 Exception <a 'java/security/PrivilegedActionException'> (0x05214430) thrown at [C:\workspace\8-2-build-windows-i586-cygwin\jdk8u181\11358\hotspot\src\share\vm\prims\jvm.cpp, line 1435]
Event: 0.286 Thread 0x012ac800 Exception <a 'java/security/PrivilegedActionException'> (0x05214630) thrown at [C:\workspace\8-2-build-windows-i586-cygwin\jdk8u181\11358\hotspot\src\share\vm\prims\jvm.cpp, line 1435]
Event: 0.287 Thread 0x012ac800 Exception <a 'java/security/PrivilegedActionException'> (0x05218708) thrown at [C:\workspace\8-2-build-windows-i586-cygwin\jdk8u181\11358\hotspot\src\share\vm\prims\jvm.cpp, line 1435]
Event: 0.287 Thread 0x012ac800 Exception <a 'java/security/PrivilegedActionException'> (0x05218908) thrown at [C:\workspace\8-2-build-windows-i586-cygwin\jdk8u181\11358\hotspot\src\share\vm\prims\jvm.cpp, line 1435]
Event: 0.288 Thread 0x012ac800 Exception <a 'java/lang/NullPointerException'> (0x05218e70) thrown at [C:\workspace\8-2-build-windows-i586-cygwin\jdk8u181\11358\hotspot\src\share\vm\interpreter\linkResolver.cpp, line 1185]
Event: 0.694 Thread 0x15637c00 Exception <a 'java/lang/NullPointerException'> (0x05082d50) thrown at [C:\workspace\8-2-build-windows-i586-cygwin\jdk8u181\11358\hotspot\src\share\vm\interpreter\linkResolver.cpp, line 1185]
Event: 0.694 Thread 0x15637c00 Exception <a 'java/lang/NullPointerException'> (0x05082d50) thrown at [C:\workspace\8-2-build-windows-i586-cygwin\jdk8u181\11358\hotspot\src\share\vm\prims\jvm.cpp, line 1439]
Event: 3.194 Thread 0x15637c00 Implicit null exception at 0x02ffff20 to 0x0300160f

Events (10 events):
Event: 3.191 loading class com/sun/javafx/tk/quantum/WindowStage
Event: 3.191 loading class com/sun/javafx/tk/quantum/WindowStage done
Event: 3.192 loading class com/sun/prism/GraphicsResource
Event: 3.192 loading class com/sun/prism/GraphicsResource done
Event: 3.192 loading class com/sun/prism/GraphicsResource
Event: 3.192 loading class com/sun/prism/GraphicsResource done
Event: 3.192 loading class com/sun/javafx/tk/quantum/ViewScene
Event: 3.192 loading class com/sun/javafx/tk/quantum/ViewScene done
Event: 3.194 Thread 0x15637c00 DEOPT PACKING pc=0x03001614 sp=0x1624d860
Event: 3.194 Thread 0x15637c00 DEOPT UNPACKING pc=0x02f1c5e5 sp=0x1624d7d8 mode 3


Dynamic libraries:
0x00f30000 - 0x00f63000 	C:\Program Files (x86)\Java\jdk1.8.0_181\jre\bin\java.exe
0x77300000 - 0x7749a000 	C:\WINDOWS\SYSTEM32\ntdll.dll
0x74d00000 - 0x74de0000 	C:\WINDOWS\System32\KERNEL32.DLL
0x75880000 - 0x75a7c000 	C:\WINDOWS\System32\KERNELBASE.dll
0x744a0000 - 0x7453f000 	C:\WINDOWS\SYSTEM32\apphelp.dll
0x768a0000 - 0x76919000 	C:\WINDOWS\System32\ADVAPI32.dll
0x74c40000 - 0x74cff000 	C:\WINDOWS\System32\msvcrt.dll
0x76770000 - 0x767e6000 	C:\WINDOWS\System32\sechost.dll
0x76010000 - 0x760cb000 	C:\WINDOWS\System32\RPCRT4.dll
0x74ad0000 - 0x74af0000 	C:\WINDOWS\System32\SspiCli.dll
0x74ac0000 - 0x74aca000 	C:\WINDOWS\System32\CRYPTBASE.dll
0x76a80000 - 0x76adf000 	C:\WINDOWS\System32\bcryptPrimitives.dll
0x770b0000 - 0x77245000 	C:\WINDOWS\System32\USER32.dll
0x76a60000 - 0x76a77000 	C:\WINDOWS\System32\win32u.dll
0x76800000 - 0x76821000 	C:\WINDOWS\System32\GDI32.dll
0x75390000 - 0x754ea000 	C:\WINDOWS\System32\gdi32full.dll
0x75f00000 - 0x75f7c000 	C:\WINDOWS\System32\msvcp_win.dll
0x74b20000 - 0x74c3f000 	C:\WINDOWS\System32\ucrtbase.dll
0x738f0000 - 0x73aff000 	C:\WINDOWS\WinSxS\x86_microsoft.windows.common-controls_6595b64144ccf1df_6.0.18362.175_none_2e70e1f6278c3dcf\COMCTL32.dll
0x75560000 - 0x757d6000 	C:\WINDOWS\System32\combase.dll
0x76a30000 - 0x76a55000 	C:\WINDOWS\System32\IMM32.DLL
0x6d770000 - 0x6d82f000 	C:\Program Files (x86)\Java\jdk1.8.0_181\jre\bin\msvcr100.dll
0x6d830000 - 0x6dc03000 	C:\Program Files (x86)\Java\jdk1.8.0_181\jre\bin\client\jvm.dll
0x74af0000 - 0x74af6000 	C:\WINDOWS\System32\PSAPI.DLL
0x73c40000 - 0x73c48000 	C:\WINDOWS\SYSTEM32\WSOCK32.dll
0x745f0000 - 0x745f8000 	C:\WINDOWS\SYSTEM32\VERSION.dll
0x75ad0000 - 0x75b2e000 	C:\WINDOWS\System32\WS2_32.dll
0x737f0000 - 0x73814000 	C:\WINDOWS\SYSTEM32\WINMM.dll
0x737c0000 - 0x737e3000 	C:\WINDOWS\SYSTEM32\WINMMBASE.dll
0x75a90000 - 0x75acb000 	C:\WINDOWS\System32\cfgmgr32.dll
0x721d0000 - 0x721dc000 	C:\Program Files (x86)\Java\jdk1.8.0_181\jre\bin\verify.dll
0x6d740000 - 0x6d762000 	C:\Program Files (x86)\Java\jdk1.8.0_181\jre\bin\java.dll
0x6d720000 - 0x6d734000 	C:\Program Files (x86)\Java\jdk1.8.0_181\jre\bin\zip.dll
0x76110000 - 0x76684000 	C:\WINDOWS\System32\SHELL32.dll
0x75f80000 - 0x76004000 	C:\WINDOWS\System32\shcore.dll
0x76ae0000 - 0x770a1000 	C:\WINDOWS\System32\windows.storage.dll
0x74b00000 - 0x74b17000 	C:\WINDOWS\System32\profapi.dll
0x75b30000 - 0x75b73000 	C:\WINDOWS\System32\powrprof.dll
0x75a80000 - 0x75a8d000 	C:\WINDOWS\System32\UMPDC.dll
0x754f0000 - 0x75534000 	C:\WINDOWS\System32\shlwapi.dll
0x767f0000 - 0x767ff000 	C:\WINDOWS\System32\kernel.appcore.dll
0x760f0000 - 0x76103000 	C:\WINDOWS\System32\cryptsp.dll
0x6bf60000 - 0x6bf63000 	C:\Program Files (x86)\Java\jdk1.8.0_181\jre\bin\api-ms-win-core-console-l1-1-0.dll
0x6bf50000 - 0x6bf53000 	C:\Program Files (x86)\Java\jdk1.8.0_181\jre\bin\api-ms-win-core-datetime-l1-1-0.dll
0x6bf40000 - 0x6bf43000 	C:\Program Files (x86)\Java\jdk1.8.0_181\jre\bin\api-ms-win-core-debug-l1-1-0.dll
0x6bf30000 - 0x6bf33000 	C:\Program Files (x86)\Java\jdk1.8.0_181\jre\bin\api-ms-win-core-errorhandling-l1-1-0.dll
0x6bf20000 - 0x6bf24000 	C:\Program Files (x86)\Java\jdk1.8.0_181\jre\bin\api-ms-win-core-file-l1-1-0.dll
0x6bf10000 - 0x6bf13000 	C:\Program Files (x86)\Java\jdk1.8.0_181\jre\bin\api-ms-win-core-file-l1-2-0.dll
0x6bf00000 - 0x6bf03000 	C:\Program Files (x86)\Java\jdk1.8.0_181\jre\bin\api-ms-win-core-file-l2-1-0.dll
0x6bef0000 - 0x6bef3000 	C:\Program Files (x86)\Java\jdk1.8.0_181\jre\bin\api-ms-win-core-handle-l1-1-0.dll
0x6bee0000 - 0x6bee3000 	C:\Program Files (x86)\Java\jdk1.8.0_181\jre\bin\api-ms-win-core-heap-l1-1-0.dll
0x6bed0000 - 0x6bed3000 	C:\Program Files (x86)\Java\jdk1.8.0_181\jre\bin\api-ms-win-core-interlocked-l1-1-0.dll
0x6bec0000 - 0x6bec3000 	C:\Program Files (x86)\Java\jdk1.8.0_181\jre\bin\api-ms-win-core-libraryloader-l1-1-0.dll
0x6beb0000 - 0x6beb3000 	C:\Program Files (x86)\Java\jdk1.8.0_181\jre\bin\api-ms-win-core-localization-l1-2-0.dll
0x6bea0000 - 0x6bea3000 	C:\Program Files (x86)\Java\jdk1.8.0_181\jre\bin\api-ms-win-core-memory-l1-1-0.dll
0x6be90000 - 0x6be93000 	C:\Program Files (x86)\Java\jdk1.8.0_181\jre\bin\api-ms-win-core-namedpipe-l1-1-0.dll
0x6be80000 - 0x6be83000 	C:\Program Files (x86)\Java\jdk1.8.0_181\jre\bin\api-ms-win-core-processenvironment-l1-1-0.dll
0x6be70000 - 0x6be73000 	C:\Program Files (x86)\Java\jdk1.8.0_181\jre\bin\api-ms-win-core-processthreads-l1-1-0.dll
0x6be60000 - 0x6be63000 	C:\Program Files (x86)\Java\jdk1.8.0_181\jre\bin\api-ms-win-core-processthreads-l1-1-1.dll
0x6be50000 - 0x6be53000 	C:\Program Files (x86)\Java\jdk1.8.0_181\jre\bin\api-ms-win-core-profile-l1-1-0.dll
0x6be40000 - 0x6be43000 	C:\Program Files (x86)\Java\jdk1.8.0_181\jre\bin\api-ms-win-core-rtlsupport-l1-1-0.dll
0x6be30000 - 0x6be33000 	C:\Program Files (x86)\Java\jdk1.8.0_181\jre\bin\api-ms-win-core-string-l1-1-0.dll
0x6be20000 - 0x6be23000 	C:\Program Files (x86)\Java\jdk1.8.0_181\jre\bin\api-ms-win-core-synch-l1-1-0.dll
0x6be10000 - 0x6be13000 	C:\Program Files (x86)\Java\jdk1.8.0_181\jre\bin\api-ms-win-core-synch-l1-2-0.dll
0x6be00000 - 0x6be03000 	C:\Program Files (x86)\Java\jdk1.8.0_181\jre\bin\api-ms-win-core-sysinfo-l1-1-0.dll
0x6bdf0000 - 0x6bdf3000 	C:\Program Files (x86)\Java\jdk1.8.0_181\jre\bin\api-ms-win-core-timezone-l1-1-0.dll
0x6bde0000 - 0x6bde3000 	C:\Program Files (x86)\Java\jdk1.8.0_181\jre\bin\api-ms-win-core-util-l1-1-0.dll
0x6bdd0000 - 0x6bdd3000 	C:\Program Files (x86)\Java\jdk1.8.0_181\jre\bin\api-ms-win-crt-conio-l1-1-0.dll
0x6bdc0000 - 0x6bdc4000 	C:\Program Files (x86)\Java\jdk1.8.0_181\jre\bin\api-ms-win-crt-convert-l1-1-0.dll
0x6bdb0000 - 0x6bdb3000 	C:\Program Files (x86)\Java\jdk1.8.0_181\jre\bin\api-ms-win-crt-environment-l1-1-0.dll
0x6bda0000 - 0x6bda3000 	C:\Program Files (x86)\Java\jdk1.8.0_181\jre\bin\api-ms-win-crt-filesystem-l1-1-0.dll
0x6bd90000 - 0x6bd93000 	C:\Program Files (x86)\Java\jdk1.8.0_181\jre\bin\api-ms-win-crt-heap-l1-1-0.dll
0x6bd80000 - 0x6bd83000 	C:\Program Files (x86)\Java\jdk1.8.0_181\jre\bin\api-ms-win-crt-locale-l1-1-0.dll
0x6bd70000 - 0x6bd75000 	C:\Program Files (x86)\Java\jdk1.8.0_181\jre\bin\api-ms-win-crt-math-l1-1-0.dll
0x6bd60000 - 0x6bd65000 	C:\Program Files (x86)\Java\jdk1.8.0_181\jre\bin\api-ms-win-crt-multibyte-l1-1-0.dll
0x6bd50000 - 0x6bd60000 	C:\Program Files (x86)\Java\jdk1.8.0_181\jre\bin\api-ms-win-crt-private-l1-1-0.dll
0x6bd40000 - 0x6bd43000 	C:\Program Files (x86)\Java\jdk1.8.0_181\jre\bin\api-ms-win-crt-process-l1-1-0.dll
0x6bd30000 - 0x6bd34000 	C:\Program Files (x86)\Java\jdk1.8.0_181\jre\bin\api-ms-win-crt-runtime-l1-1-0.dll
0x6bd20000 - 0x6bd24000 	C:\Program Files (x86)\Java\jdk1.8.0_181\jre\bin\api-ms-win-crt-stdio-l1-1-0.dll
0x6bd10000 - 0x6bd14000 	C:\Program Files (x86)\Java\jdk1.8.0_181\jre\bin\api-ms-win-crt-string-l1-1-0.dll
0x6bd00000 - 0x6bd03000 	C:\Program Files (x86)\Java\jdk1.8.0_181\jre\bin\api-ms-win-crt-time-l1-1-0.dll
0x6bcf0000 - 0x6bcf3000 	C:\Program Files (x86)\Java\jdk1.8.0_181\jre\bin\api-ms-win-crt-utility-l1-1-0.dll
0x6bbd0000 - 0x6bce8000 	C:\Program Files (x86)\Java\jdk1.8.0_181\jre\bin\ucrtbase.dll
0x6bbb0000 - 0x6bbc4000 	C:\Program Files (x86)\Java\jdk1.8.0_181\jre\bin\vcruntime140.dll
0x6bb40000 - 0x6bbac000 	C:\Program Files (x86)\Java\jdk1.8.0_181\jre\bin\msvcp140.dll
0x6bb00000 - 0x6bb3b000 	C:\Program Files (x86)\Java\jdk1.8.0_181\jre\bin\concrt140.dll
0x6bae0000 - 0x6baff000 	C:\Program Files (x86)\Java\jdk1.8.0_181\jre\bin\prism_d3d.dll
0x6b950000 - 0x6badd000 	C:\WINDOWS\system32\d3d9.dll
0x740e0000 - 0x74105000 	C:\WINDOWS\SYSTEM32\dwmapi.dll
0x72d40000 - 0x72d59000 	C:\WINDOWS\SYSTEM32\dxcore.dll
0x71c20000 - 0x71c9a000 	C:\WINDOWS\system32\uxtheme.dll
0x6b7a0000 - 0x6b943000 	C:\WINDOWS\System32\DriverStore\FileRepository\iigd_base.inf_amd64_062d16984e6c0a6b\igdumdim32.dll
0x59b80000 - 0x5ca13000 	C:\WINDOWS\System32\DriverStore\FileRepository\iigd_base.inf_amd64_062d16984e6c0a6b\igd9dxva32.dll
0x75b80000 - 0x75c77000 	C:\WINDOWS\System32\ole32.dll
0x77250000 - 0x772e2000 	C:\WINDOWS\System32\OLEAUT32.dll
0x6b760000 - 0x6b798000 	C:\Program Files (x86)\Java\jdk1.8.0_181\jre\bin\glass.dll
0x75df0000 - 0x75e9f000 	C:\WINDOWS\System32\COMDLG32.dll
0x76920000 - 0x76a25000 	C:\WINDOWS\System32\MSCTF.dll
0x66f20000 - 0x68912000 	C:\WINDOWS\System32\DriverStore\FileRepository\iigd_base.inf_amd64_062d16984e6c0a6b\igc32.dll
0x6b750000 - 0x6b760000 	C:\Program Files (x86)\Java\jdk1.8.0_181\jre\bin\javafx_font.dll
0x6b720000 - 0x6b741000 	C:\Program Files (x86)\Java\jdk1.8.0_181\jre\bin\javafx_iio.dll
0x66c50000 - 0x66ed2000 	C:\WINDOWS\SYSTEM32\dwrite.dll
0x76690000 - 0x76710000 	C:\WINDOWS\System32\clbcatq.dll
0x6cda0000 - 0x6cf09000 	C:\WINDOWS\SYSTEM32\WindowsCodecs.dll
0x6cd60000 - 0x6cd91000 	C:\WINDOWS\system32\dataexchange.dll
0x6cbf0000 - 0x6cd59000 	C:\WINDOWS\system32\dcomp.dll
0x72d60000 - 0x72f3e000 	C:\WINDOWS\system32\d3d11.dll
0x72f40000 - 0x73000000 	C:\WINDOWS\system32\dxgi.dll
0x6e2e0000 - 0x6e4c4000 	C:\WINDOWS\system32\twinapi.appcore.dll
0x6e2c0000 - 0x6e2df000 	C:\WINDOWS\system32\RMCLIENT.dll
0x6b6f0000 - 0x6b714000 	C:\Program Files (x86)\Common Files\Microsoft Shared\Ink\rtscom.dll
0x6d2d0000 - 0x6d354000 	C:\WINDOWS\System32\TextInputFramework.dll
0x6d240000 - 0x6d2c9000 	C:\WINDOWS\System32\CoreMessaging.dll
0x6cfe0000 - 0x6d23e000 	C:\WINDOWS\System32\CoreUIComponents.dll
0x73840000 - 0x73869000 	C:\WINDOWS\SYSTEM32\ntmarta.dll
0x72730000 - 0x7280a000 	C:\WINDOWS\SYSTEM32\wintypes.dll
0x6f1c0000 - 0x6f3e9000 	C:\WINDOWS\System32\iertutil.dll
0x6cf80000 - 0x6cfd3000 	C:\WINDOWS\system32\Oleacc.dll
0x6b6e0000 - 0x6b6ef000 	C:\Program Files (x86)\Java\jdk1.8.0_181\jre\bin\prism_common.dll
0x6bf70000 - 0x6bfc2000 	C:\WINDOWS\system32\Ninput.dll
0x71a70000 - 0x71bff000 	C:\WINDOWS\SYSTEM32\dbghelp.dll

VM Arguments:
jvm_args: -Dfile.encoding=UTF-8 
java_command: C:\java course - Pure\Jstore\dist\run2135188484\Jstore.jar
java_class_path (initial): C:\java course - Pure\Jstore\dist\run2135188484\Jstore.jar
Launcher Type: SUN_STANDARD

Environment Variables:
PATH=C:\Program Files (x86)\Common Files\Oracle\Java\javapath;C:\WINDOWS\system32;C:\WINDOWS;C:\WINDOWS\System32\Wbem;C:\WINDOWS\System32\WindowsPowerShell\v1.0\;C:\WINDOWS\System32\OpenSSH\;C:\Program Files\Git\cmd;C:\Program Files\dotnet\;C:\Program Files\nodejs\;C:\Users\anas\AppData\Local\Microsoft\WindowsApps;C:\Program Files\Microsoft VS Code\bin;C:\Users\anas\AppData\Local\Programs\Microsoft VS Code\bin;C:\src\flutter\flutter\bin;C:\Program Files\Git\cmd;C:\Users\anas\.dotnet\tools;C:\Program Files (x86)\Java\jdk1.8.0_181\bin;C:\Users\anas\AppData\Roaming\npm;%USERPROFILE%\AppData\Local\Microsoft\WindowsApps;
USERNAME=anas
OS=Windows_NT
PROCESSOR_IDENTIFIER=Intel64 Family 6 Model 142 Stepping 9, GenuineIntel



---------------  S Y S T E M  ---------------

OS: Windows 10.0 , 64 bit Build 18362 (10.0.18362.86)

CPU:total 4 (initial active 4) (2 cores per cpu, 2 threads per core) family 6 model 142 stepping 9, cmov, cx8, fxsr, mmx, sse, sse2, sse3, ssse3, sse4.1, sse4.2, popcnt, aes, clmul, erms, 3dnowpref, lzcnt, ht, tsc, tscinvbit

Memory: 4k page, physical 8293844k(5096180k free), swap 10259924k(6397484k free)

vm_info: Java HotSpot(TM) Client VM (25.181-b13) for windows-x86 JRE (1.8.0_181-b13), built on Jul  7 2018 03:18:20 by "java_re" with MS VC++ 10.0 (VS2010)

time: Fri Dec 20 16:00:10 2019
elapsed time: 3 seconds (0d 0h 0m 3s)

